2019-01-26 15:58:16 [scrapy.utils.log] INFO: Scrapy 1.5.2 started (bot: techtalk)
2019-01-26 15:58:16 [scrapy.utils.log] INFO: Versions: lxml 4.3.0.0, libxml2 2.9.9, cssselect 1.0.3, parsel 1.5.1, w3lib 1.20.0, Twisted 18.9.0, Python 3.5.2 (default, Nov 12 2018, 13:43:14) - [GCC 5.4.0 20160609], pyOpenSSL 19.0.0 (OpenSSL 1.1.1a  20 Nov 2018), cryptography 2.5, Platform Linux-4.15.0-42-generic-x86_64-with-Ubuntu-16.04-xenial
2019-01-26 15:58:16 [scrapy.crawler] INFO: Overridden settings: {'CONCURRENT_REQUESTS_PER_DOMAIN': 1, 'DOWNLOAD_DELAY': 3, 'SPIDER_MODULES': ['techtalk.spiders'], 'NEWSPIDER_MODULE': 'techtalk.spiders', 'LOG_FILE': 'scrapLog.log', 'CONCURRENT_REQUESTS': 1, 'LOG_ENABLED': False, 'USER_AGENT': 'Mozilla/5.0 (Macintosh; Intel Mac OS X 10_11_0) AppleWebKit/537.36 (KHTML, like Gecko) Chrome/45.0.2454.101 Safari/537.36', 'BOT_NAME': 'techtalk'}
2019-01-26 15:58:16 [scrapy.extensions.telnet] INFO: Telnet Password: 3fb865eb223ed839
2019-01-26 15:58:16 [scrapy.middleware] INFO: Enabled extensions:
['scrapy.extensions.logstats.LogStats',
 'scrapy.extensions.memusage.MemoryUsage',
 'scrapy.extensions.telnet.TelnetConsole',
 'scrapy.extensions.corestats.CoreStats']
2019-01-26 15:58:16 [scrapy.middleware] INFO: Enabled downloader middlewares:
['scrapy.downloadermiddlewares.httpauth.HttpAuthMiddleware',
 'scrapy.downloadermiddlewares.downloadtimeout.DownloadTimeoutMiddleware',
 'scrapy.downloadermiddlewares.defaultheaders.DefaultHeadersMiddleware',
 'scrapy.downloadermiddlewares.useragent.UserAgentMiddleware',
 'scrapy.downloadermiddlewares.retry.RetryMiddleware',
 'scrapy.downloadermiddlewares.redirect.MetaRefreshMiddleware',
 'scrapy.downloadermiddlewares.httpcompression.HttpCompressionMiddleware',
 'scrapy.downloadermiddlewares.redirect.RedirectMiddleware',
 'scrapy.downloadermiddlewares.cookies.CookiesMiddleware',
 'scrapy.downloadermiddlewares.httpproxy.HttpProxyMiddleware',
 'scrapy.downloadermiddlewares.stats.DownloaderStats']
2019-01-26 15:58:16 [scrapy.middleware] INFO: Enabled spider middlewares:
['scrapy.spidermiddlewares.httperror.HttpErrorMiddleware',
 'scrapy.spidermiddlewares.offsite.OffsiteMiddleware',
 'scrapy.spidermiddlewares.referer.RefererMiddleware',
 'scrapy.spidermiddlewares.urllength.UrlLengthMiddleware',
 'scrapy.spidermiddlewares.depth.DepthMiddleware']
2019-01-26 15:58:16 [scrapy.middleware] INFO: Enabled item pipelines:
['techtalk.pipelines.JsonPipeline']
2019-01-26 15:58:16 [scrapy.core.engine] INFO: Spider opened
2019-01-26 15:58:16 [scrapy.extensions.logstats] INFO: Crawled 0 pages (at 0 pages/min), scraped 0 items (at 0 items/min)
2019-01-26 15:58:16 [scrapy.extensions.telnet] DEBUG: Telnet console listening on 127.0.0.1:6023
2019-01-26 15:58:17 [scrapy.core.engine] DEBUG: Crawled (200) <GET https://www.thefactsite.com/> (referer: None)
2019-01-26 15:58:17 [scrapy.core.scraper] ERROR: Spider error processing <GET https://www.thefactsite.com/> (referer: None)
Traceback (most recent call last):
  File "/home/vremar/.virtualenvs/scrapy_test/lib/python3.5/site-packages/scrapy/utils/defer.py", line 102, in iter_errback
    yield next(it)
  File "/home/vremar/.virtualenvs/scrapy_test/lib/python3.5/site-packages/scrapy/spidermiddlewares/offsite.py", line 30, in process_spider_output
    for x in result:
  File "/home/vremar/.virtualenvs/scrapy_test/lib/python3.5/site-packages/scrapy/spidermiddlewares/referer.py", line 339, in <genexpr>
    return (_set_referer(r) for r in result or ())
  File "/home/vremar/.virtualenvs/scrapy_test/lib/python3.5/site-packages/scrapy/spidermiddlewares/urllength.py", line 37, in <genexpr>
    return (r for r in result or () if _filter(r))
  File "/home/vremar/.virtualenvs/scrapy_test/lib/python3.5/site-packages/scrapy/spidermiddlewares/depth.py", line 58, in <genexpr>
    return (r for r in result or () if _filter(r))
  File "/home/vremar/Documentos/TechTalk/techtalk/techtalk/spiders/tellme_a_fact.py", line 18, in parse
    yield response.follow(link, callback=self.parse_page)
NameError: name 'link' is not defined
2019-01-26 15:58:17 [scrapy.core.engine] INFO: Closing spider (finished)
2019-01-26 15:58:17 [scrapy.statscollectors] INFO: Dumping Scrapy stats:
{'downloader/request_bytes': 305,
 'downloader/request_count': 1,
 'downloader/request_method_count/GET': 1,
 'downloader/response_bytes': 168869,
 'downloader/response_count': 1,
 'downloader/response_status_count/200': 1,
 'finish_reason': 'finished',
 'finish_time': datetime.datetime(2019, 1, 26, 14, 58, 17, 422734),
 'log_count/DEBUG': 2,
 'log_count/ERROR': 1,
 'log_count/INFO': 8,
 'memusage/max': 52436992,
 'memusage/startup': 52436992,
 'response_received_count': 1,
 'scheduler/dequeued': 1,
 'scheduler/dequeued/memory': 1,
 'scheduler/enqueued': 1,
 'scheduler/enqueued/memory': 1,
 'spider_exceptions/NameError': 1,
 'start_time': datetime.datetime(2019, 1, 26, 14, 58, 16, 367417)}
2019-01-26 15:58:17 [scrapy.core.engine] INFO: Spider closed (finished)
2019-01-26 15:58:35 [scrapy.utils.log] INFO: Scrapy 1.5.2 started (bot: techtalk)
2019-01-26 15:58:35 [scrapy.utils.log] INFO: Versions: lxml 4.3.0.0, libxml2 2.9.9, cssselect 1.0.3, parsel 1.5.1, w3lib 1.20.0, Twisted 18.9.0, Python 3.5.2 (default, Nov 12 2018, 13:43:14) - [GCC 5.4.0 20160609], pyOpenSSL 19.0.0 (OpenSSL 1.1.1a  20 Nov 2018), cryptography 2.5, Platform Linux-4.15.0-42-generic-x86_64-with-Ubuntu-16.04-xenial
2019-01-26 15:58:35 [scrapy.crawler] INFO: Overridden settings: {'LOG_ENABLED': False, 'CONCURRENT_REQUESTS_PER_DOMAIN': 1, 'BOT_NAME': 'techtalk', 'CONCURRENT_REQUESTS': 1, 'SPIDER_MODULES': ['techtalk.spiders'], 'USER_AGENT': 'Mozilla/5.0 (Macintosh; Intel Mac OS X 10_11_0) AppleWebKit/537.36 (KHTML, like Gecko) Chrome/45.0.2454.101 Safari/537.36', 'NEWSPIDER_MODULE': 'techtalk.spiders', 'DOWNLOAD_DELAY': 3, 'LOG_FILE': 'scrapLog.log'}
2019-01-26 15:58:35 [scrapy.extensions.telnet] INFO: Telnet Password: 5947dd269b0d7cc7
2019-01-26 15:58:35 [scrapy.middleware] INFO: Enabled extensions:
['scrapy.extensions.logstats.LogStats',
 'scrapy.extensions.telnet.TelnetConsole',
 'scrapy.extensions.corestats.CoreStats',
 'scrapy.extensions.memusage.MemoryUsage']
2019-01-26 15:58:35 [scrapy.middleware] INFO: Enabled downloader middlewares:
['scrapy.downloadermiddlewares.httpauth.HttpAuthMiddleware',
 'scrapy.downloadermiddlewares.downloadtimeout.DownloadTimeoutMiddleware',
 'scrapy.downloadermiddlewares.defaultheaders.DefaultHeadersMiddleware',
 'scrapy.downloadermiddlewares.useragent.UserAgentMiddleware',
 'scrapy.downloadermiddlewares.retry.RetryMiddleware',
 'scrapy.downloadermiddlewares.redirect.MetaRefreshMiddleware',
 'scrapy.downloadermiddlewares.httpcompression.HttpCompressionMiddleware',
 'scrapy.downloadermiddlewares.redirect.RedirectMiddleware',
 'scrapy.downloadermiddlewares.cookies.CookiesMiddleware',
 'scrapy.downloadermiddlewares.httpproxy.HttpProxyMiddleware',
 'scrapy.downloadermiddlewares.stats.DownloaderStats']
2019-01-26 15:58:35 [scrapy.middleware] INFO: Enabled spider middlewares:
['scrapy.spidermiddlewares.httperror.HttpErrorMiddleware',
 'scrapy.spidermiddlewares.offsite.OffsiteMiddleware',
 'scrapy.spidermiddlewares.referer.RefererMiddleware',
 'scrapy.spidermiddlewares.urllength.UrlLengthMiddleware',
 'scrapy.spidermiddlewares.depth.DepthMiddleware']
2019-01-26 15:58:35 [scrapy.middleware] INFO: Enabled item pipelines:
['techtalk.pipelines.JsonPipeline']
2019-01-26 15:58:35 [scrapy.core.engine] INFO: Spider opened
2019-01-26 15:58:35 [scrapy.extensions.logstats] INFO: Crawled 0 pages (at 0 pages/min), scraped 0 items (at 0 items/min)
2019-01-26 15:58:35 [scrapy.extensions.telnet] DEBUG: Telnet console listening on 127.0.0.1:6023
2019-01-26 15:58:36 [scrapy.core.engine] DEBUG: Crawled (200) <GET https://www.thefactsite.com/> (referer: None)
2019-01-26 15:58:40 [scrapy.core.engine] DEBUG: Crawled (200) <GET https://www.thefactsite.com/2018/12/1000-interesting-facts.html> (referer: https://www.thefactsite.com/)
2019-01-26 15:58:40 [scrapy.core.engine] INFO: Closing spider (finished)
2019-01-26 15:58:40 [scrapy.statscollectors] INFO: Dumping Scrapy stats:
{'downloader/request_bytes': 684,
 'downloader/request_count': 2,
 'downloader/request_method_count/GET': 2,
 'downloader/response_bytes': 210322,
 'downloader/response_count': 2,
 'downloader/response_status_count/200': 2,
 'finish_reason': 'finished',
 'finish_time': datetime.datetime(2019, 1, 26, 14, 58, 40, 359604),
 'log_count/DEBUG': 3,
 'log_count/INFO': 8,
 'memusage/max': 52572160,
 'memusage/startup': 52572160,
 'request_depth_max': 1,
 'response_received_count': 2,
 'scheduler/dequeued': 2,
 'scheduler/dequeued/memory': 2,
 'scheduler/enqueued': 2,
 'scheduler/enqueued/memory': 2,
 'start_time': datetime.datetime(2019, 1, 26, 14, 58, 35, 328121)}
2019-01-26 15:58:40 [scrapy.core.engine] INFO: Spider closed (finished)
2019-01-26 16:00:54 [scrapy.utils.log] INFO: Scrapy 1.5.2 started (bot: techtalk)
2019-01-26 16:00:54 [scrapy.utils.log] INFO: Versions: lxml 4.3.0.0, libxml2 2.9.9, cssselect 1.0.3, parsel 1.5.1, w3lib 1.20.0, Twisted 18.9.0, Python 3.5.2 (default, Nov 12 2018, 13:43:14) - [GCC 5.4.0 20160609], pyOpenSSL 19.0.0 (OpenSSL 1.1.1a  20 Nov 2018), cryptography 2.5, Platform Linux-4.15.0-42-generic-x86_64-with-Ubuntu-16.04-xenial
2019-01-26 16:00:54 [scrapy.crawler] INFO: Overridden settings: {'LOG_ENABLED': False, 'LOG_FILE': 'scrapLog.log', 'USER_AGENT': 'Mozilla/5.0 (Macintosh; Intel Mac OS X 10_11_0) AppleWebKit/537.36 (KHTML, like Gecko) Chrome/45.0.2454.101 Safari/537.36', 'DOWNLOAD_DELAY': 3, 'NEWSPIDER_MODULE': 'techtalk.spiders', 'CONCURRENT_REQUESTS_PER_DOMAIN': 1, 'SPIDER_MODULES': ['techtalk.spiders'], 'BOT_NAME': 'techtalk', 'CONCURRENT_REQUESTS': 1}
2019-01-26 16:00:54 [scrapy.extensions.telnet] INFO: Telnet Password: f6498d5aaa7d7f75
2019-01-26 16:00:54 [scrapy.middleware] INFO: Enabled extensions:
['scrapy.extensions.logstats.LogStats',
 'scrapy.extensions.telnet.TelnetConsole',
 'scrapy.extensions.memusage.MemoryUsage',
 'scrapy.extensions.corestats.CoreStats']
2019-01-26 16:00:54 [scrapy.middleware] INFO: Enabled downloader middlewares:
['scrapy.downloadermiddlewares.httpauth.HttpAuthMiddleware',
 'scrapy.downloadermiddlewares.downloadtimeout.DownloadTimeoutMiddleware',
 'scrapy.downloadermiddlewares.defaultheaders.DefaultHeadersMiddleware',
 'scrapy.downloadermiddlewares.useragent.UserAgentMiddleware',
 'scrapy.downloadermiddlewares.retry.RetryMiddleware',
 'scrapy.downloadermiddlewares.redirect.MetaRefreshMiddleware',
 'scrapy.downloadermiddlewares.httpcompression.HttpCompressionMiddleware',
 'scrapy.downloadermiddlewares.redirect.RedirectMiddleware',
 'scrapy.downloadermiddlewares.cookies.CookiesMiddleware',
 'scrapy.downloadermiddlewares.httpproxy.HttpProxyMiddleware',
 'scrapy.downloadermiddlewares.stats.DownloaderStats']
2019-01-26 16:00:54 [scrapy.middleware] INFO: Enabled spider middlewares:
['scrapy.spidermiddlewares.httperror.HttpErrorMiddleware',
 'scrapy.spidermiddlewares.offsite.OffsiteMiddleware',
 'scrapy.spidermiddlewares.referer.RefererMiddleware',
 'scrapy.spidermiddlewares.urllength.UrlLengthMiddleware',
 'scrapy.spidermiddlewares.depth.DepthMiddleware']
2019-01-26 16:00:54 [scrapy.middleware] INFO: Enabled item pipelines:
['techtalk.pipelines.JsonPipeline']
2019-01-26 16:00:54 [scrapy.core.engine] INFO: Spider opened
2019-01-26 16:00:54 [scrapy.extensions.logstats] INFO: Crawled 0 pages (at 0 pages/min), scraped 0 items (at 0 items/min)
2019-01-26 16:00:54 [scrapy.extensions.telnet] DEBUG: Telnet console listening on 127.0.0.1:6023
2019-01-26 16:00:55 [scrapy.core.engine] DEBUG: Crawled (200) <GET https://www.thefactsite.com/> (referer: None)
2019-01-26 16:00:58 [scrapy.core.engine] DEBUG: Crawled (200) <GET https://www.thefactsite.com/2018/12/1000-interesting-facts.html> (referer: https://www.thefactsite.com/)
2019-01-26 16:00:58 [scrapy.core.engine] INFO: Closing spider (finished)
2019-01-26 16:00:58 [scrapy.statscollectors] INFO: Dumping Scrapy stats:
{'downloader/request_bytes': 684,
 'downloader/request_count': 2,
 'downloader/request_method_count/GET': 2,
 'downloader/response_bytes': 210322,
 'downloader/response_count': 2,
 'downloader/response_status_count/200': 2,
 'finish_reason': 'finished',
 'finish_time': datetime.datetime(2019, 1, 26, 15, 0, 58, 267689),
 'log_count/DEBUG': 3,
 'log_count/INFO': 8,
 'memusage/max': 52473856,
 'memusage/startup': 52473856,
 'request_depth_max': 1,
 'response_received_count': 2,
 'scheduler/dequeued': 2,
 'scheduler/dequeued/memory': 2,
 'scheduler/enqueued': 2,
 'scheduler/enqueued/memory': 2,
 'start_time': datetime.datetime(2019, 1, 26, 15, 0, 54, 168552)}
2019-01-26 16:00:58 [scrapy.core.engine] INFO: Spider closed (finished)
2019-01-26 16:04:45 [scrapy.utils.log] INFO: Scrapy 1.5.2 started (bot: techtalk)
2019-01-26 16:04:45 [scrapy.utils.log] INFO: Versions: lxml 4.3.0.0, libxml2 2.9.9, cssselect 1.0.3, parsel 1.5.1, w3lib 1.20.0, Twisted 18.9.0, Python 3.5.2 (default, Nov 12 2018, 13:43:14) - [GCC 5.4.0 20160609], pyOpenSSL 19.0.0 (OpenSSL 1.1.1a  20 Nov 2018), cryptography 2.5, Platform Linux-4.15.0-42-generic-x86_64-with-Ubuntu-16.04-xenial
2019-01-26 16:04:45 [scrapy.crawler] INFO: Overridden settings: {'BOT_NAME': 'techtalk', 'CONCURRENT_REQUESTS': 1, 'CONCURRENT_REQUESTS_PER_DOMAIN': 1, 'SPIDER_MODULES': ['techtalk.spiders'], 'NEWSPIDER_MODULE': 'techtalk.spiders', 'LOG_ENABLED': False, 'DOWNLOAD_DELAY': 3, 'LOG_FILE': 'scrapLog.log', 'USER_AGENT': 'Mozilla/5.0 (Macintosh; Intel Mac OS X 10_11_0) AppleWebKit/537.36 (KHTML, like Gecko) Chrome/45.0.2454.101 Safari/537.36'}
2019-01-26 16:04:45 [scrapy.extensions.telnet] INFO: Telnet Password: c35f0826ef20653d
2019-01-26 16:04:45 [scrapy.middleware] INFO: Enabled extensions:
['scrapy.extensions.logstats.LogStats',
 'scrapy.extensions.memusage.MemoryUsage',
 'scrapy.extensions.corestats.CoreStats',
 'scrapy.extensions.telnet.TelnetConsole']
2019-01-26 16:04:45 [scrapy.middleware] INFO: Enabled downloader middlewares:
['scrapy.downloadermiddlewares.httpauth.HttpAuthMiddleware',
 'scrapy.downloadermiddlewares.downloadtimeout.DownloadTimeoutMiddleware',
 'scrapy.downloadermiddlewares.defaultheaders.DefaultHeadersMiddleware',
 'scrapy.downloadermiddlewares.useragent.UserAgentMiddleware',
 'scrapy.downloadermiddlewares.retry.RetryMiddleware',
 'scrapy.downloadermiddlewares.redirect.MetaRefreshMiddleware',
 'scrapy.downloadermiddlewares.httpcompression.HttpCompressionMiddleware',
 'scrapy.downloadermiddlewares.redirect.RedirectMiddleware',
 'scrapy.downloadermiddlewares.cookies.CookiesMiddleware',
 'scrapy.downloadermiddlewares.httpproxy.HttpProxyMiddleware',
 'scrapy.downloadermiddlewares.stats.DownloaderStats']
2019-01-26 16:04:45 [scrapy.middleware] INFO: Enabled spider middlewares:
['scrapy.spidermiddlewares.httperror.HttpErrorMiddleware',
 'scrapy.spidermiddlewares.offsite.OffsiteMiddleware',
 'scrapy.spidermiddlewares.referer.RefererMiddleware',
 'scrapy.spidermiddlewares.urllength.UrlLengthMiddleware',
 'scrapy.spidermiddlewares.depth.DepthMiddleware']
2019-01-26 16:04:45 [scrapy.middleware] INFO: Enabled item pipelines:
['techtalk.pipelines.JsonPipeline']
2019-01-26 16:04:45 [scrapy.core.engine] INFO: Spider opened
2019-01-26 16:04:45 [scrapy.extensions.logstats] INFO: Crawled 0 pages (at 0 pages/min), scraped 0 items (at 0 items/min)
2019-01-26 16:04:45 [scrapy.extensions.telnet] DEBUG: Telnet console listening on 127.0.0.1:6023
2019-01-26 16:04:46 [scrapy.core.engine] DEBUG: Crawled (200) <GET https://www.thefactsite.com/> (referer: None)
2019-01-26 16:04:49 [scrapy.core.engine] DEBUG: Crawled (200) <GET https://www.thefactsite.com/2018/12/1000-interesting-facts.html> (referer: https://www.thefactsite.com/)
2019-01-26 16:04:50 [scrapy.core.scraper] ERROR: Spider error processing <GET https://www.thefactsite.com/2018/12/1000-interesting-facts.html> (referer: https://www.thefactsite.com/)
Traceback (most recent call last):
  File "/home/vremar/.virtualenvs/scrapy_test/lib/python3.5/site-packages/twisted/internet/defer.py", line 654, in _runCallbacks
    current.result = callback(current.result, *args, **kw)
  File "/home/vremar/Documentos/TechTalk/techtalk/techtalk/spiders/tellme_a_fact.py", line 27, in parse_page
    print(cleanhtml(e))
NameError: name 'cleanhtml' is not defined
2019-01-26 16:04:50 [scrapy.core.engine] INFO: Closing spider (finished)
2019-01-26 16:04:50 [scrapy.statscollectors] INFO: Dumping Scrapy stats:
{'downloader/request_bytes': 684,
 'downloader/request_count': 2,
 'downloader/request_method_count/GET': 2,
 'downloader/response_bytes': 210322,
 'downloader/response_count': 2,
 'downloader/response_status_count/200': 2,
 'finish_reason': 'finished',
 'finish_time': datetime.datetime(2019, 1, 26, 15, 4, 50, 148003),
 'log_count/DEBUG': 3,
 'log_count/ERROR': 1,
 'log_count/INFO': 8,
 'memusage/max': 52342784,
 'memusage/startup': 52342784,
 'request_depth_max': 1,
 'response_received_count': 2,
 'scheduler/dequeued': 2,
 'scheduler/dequeued/memory': 2,
 'scheduler/enqueued': 2,
 'scheduler/enqueued/memory': 2,
 'spider_exceptions/NameError': 1,
 'start_time': datetime.datetime(2019, 1, 26, 15, 4, 45, 603666)}
2019-01-26 16:04:50 [scrapy.core.engine] INFO: Spider closed (finished)
2019-01-26 16:06:04 [scrapy.utils.log] INFO: Scrapy 1.5.2 started (bot: techtalk)
2019-01-26 16:06:04 [scrapy.utils.log] INFO: Versions: lxml 4.3.0.0, libxml2 2.9.9, cssselect 1.0.3, parsel 1.5.1, w3lib 1.20.0, Twisted 18.9.0, Python 3.5.2 (default, Nov 12 2018, 13:43:14) - [GCC 5.4.0 20160609], pyOpenSSL 19.0.0 (OpenSSL 1.1.1a  20 Nov 2018), cryptography 2.5, Platform Linux-4.15.0-42-generic-x86_64-with-Ubuntu-16.04-xenial
2019-01-26 16:06:04 [scrapy.crawler] INFO: Overridden settings: {'NEWSPIDER_MODULE': 'techtalk.spiders', 'SPIDER_MODULES': ['techtalk.spiders'], 'DOWNLOAD_DELAY': 3, 'CONCURRENT_REQUESTS_PER_DOMAIN': 1, 'CONCURRENT_REQUESTS': 1, 'LOG_ENABLED': False, 'LOG_FILE': 'scrapLog.log', 'BOT_NAME': 'techtalk', 'USER_AGENT': 'Mozilla/5.0 (Macintosh; Intel Mac OS X 10_11_0) AppleWebKit/537.36 (KHTML, like Gecko) Chrome/45.0.2454.101 Safari/537.36'}
2019-01-26 16:06:04 [scrapy.extensions.telnet] INFO: Telnet Password: 695869253567e55b
2019-01-26 16:06:04 [scrapy.middleware] INFO: Enabled extensions:
['scrapy.extensions.memusage.MemoryUsage',
 'scrapy.extensions.telnet.TelnetConsole',
 'scrapy.extensions.corestats.CoreStats',
 'scrapy.extensions.logstats.LogStats']
2019-01-26 16:06:04 [scrapy.middleware] INFO: Enabled downloader middlewares:
['scrapy.downloadermiddlewares.httpauth.HttpAuthMiddleware',
 'scrapy.downloadermiddlewares.downloadtimeout.DownloadTimeoutMiddleware',
 'scrapy.downloadermiddlewares.defaultheaders.DefaultHeadersMiddleware',
 'scrapy.downloadermiddlewares.useragent.UserAgentMiddleware',
 'scrapy.downloadermiddlewares.retry.RetryMiddleware',
 'scrapy.downloadermiddlewares.redirect.MetaRefreshMiddleware',
 'scrapy.downloadermiddlewares.httpcompression.HttpCompressionMiddleware',
 'scrapy.downloadermiddlewares.redirect.RedirectMiddleware',
 'scrapy.downloadermiddlewares.cookies.CookiesMiddleware',
 'scrapy.downloadermiddlewares.httpproxy.HttpProxyMiddleware',
 'scrapy.downloadermiddlewares.stats.DownloaderStats']
2019-01-26 16:06:04 [scrapy.middleware] INFO: Enabled spider middlewares:
['scrapy.spidermiddlewares.httperror.HttpErrorMiddleware',
 'scrapy.spidermiddlewares.offsite.OffsiteMiddleware',
 'scrapy.spidermiddlewares.referer.RefererMiddleware',
 'scrapy.spidermiddlewares.urllength.UrlLengthMiddleware',
 'scrapy.spidermiddlewares.depth.DepthMiddleware']
2019-01-26 16:06:04 [scrapy.middleware] INFO: Enabled item pipelines:
['techtalk.pipelines.JsonPipeline']
2019-01-26 16:06:04 [scrapy.core.engine] INFO: Spider opened
2019-01-26 16:06:04 [scrapy.extensions.logstats] INFO: Crawled 0 pages (at 0 pages/min), scraped 0 items (at 0 items/min)
2019-01-26 16:06:04 [scrapy.extensions.telnet] DEBUG: Telnet console listening on 127.0.0.1:6023
2019-01-26 16:06:05 [scrapy.core.engine] DEBUG: Crawled (200) <GET https://www.thefactsite.com/> (referer: None)
2019-01-26 16:06:07 [scrapy.core.engine] DEBUG: Crawled (200) <GET https://www.thefactsite.com/2018/12/1000-interesting-facts.html> (referer: https://www.thefactsite.com/)
2019-01-26 16:06:07 [scrapy.core.scraper] ERROR: Spider error processing <GET https://www.thefactsite.com/2018/12/1000-interesting-facts.html> (referer: https://www.thefactsite.com/)
Traceback (most recent call last):
  File "/home/vremar/.virtualenvs/scrapy_test/lib/python3.5/site-packages/twisted/internet/defer.py", line 654, in _runCallbacks
    current.result = callback(current.result, *args, **kw)
  File "/home/vremar/Documentos/TechTalk/techtalk/techtalk/spiders/tellme_a_fact.py", line 27, in parse_page
    print(cleanhtml(e))
NameError: name 'cleanhtml' is not defined
2019-01-26 16:06:08 [scrapy.core.engine] INFO: Closing spider (finished)
2019-01-26 16:06:08 [scrapy.statscollectors] INFO: Dumping Scrapy stats:
{'downloader/request_bytes': 684,
 'downloader/request_count': 2,
 'downloader/request_method_count/GET': 2,
 'downloader/response_bytes': 210322,
 'downloader/response_count': 2,
 'downloader/response_status_count/200': 2,
 'finish_reason': 'finished',
 'finish_time': datetime.datetime(2019, 1, 26, 15, 6, 8, 87709),
 'log_count/DEBUG': 3,
 'log_count/ERROR': 1,
 'log_count/INFO': 8,
 'memusage/max': 52641792,
 'memusage/startup': 52641792,
 'request_depth_max': 1,
 'response_received_count': 2,
 'scheduler/dequeued': 2,
 'scheduler/dequeued/memory': 2,
 'scheduler/enqueued': 2,
 'scheduler/enqueued/memory': 2,
 'spider_exceptions/NameError': 1,
 'start_time': datetime.datetime(2019, 1, 26, 15, 6, 4, 309006)}
2019-01-26 16:06:08 [scrapy.core.engine] INFO: Spider closed (finished)
2019-01-26 16:07:46 [scrapy.utils.log] INFO: Scrapy 1.5.2 started (bot: techtalk)
2019-01-26 16:07:46 [scrapy.utils.log] INFO: Versions: lxml 4.3.0.0, libxml2 2.9.9, cssselect 1.0.3, parsel 1.5.1, w3lib 1.20.0, Twisted 18.9.0, Python 3.5.2 (default, Nov 12 2018, 13:43:14) - [GCC 5.4.0 20160609], pyOpenSSL 19.0.0 (OpenSSL 1.1.1a  20 Nov 2018), cryptography 2.5, Platform Linux-4.15.0-42-generic-x86_64-with-Ubuntu-16.04-xenial
2019-01-26 16:07:46 [scrapy.crawler] INFO: Overridden settings: {'DOWNLOAD_DELAY': 3, 'CONCURRENT_REQUESTS': 1, 'BOT_NAME': 'techtalk', 'LOG_FILE': 'scrapLog.log', 'USER_AGENT': 'Mozilla/5.0 (Macintosh; Intel Mac OS X 10_11_0) AppleWebKit/537.36 (KHTML, like Gecko) Chrome/45.0.2454.101 Safari/537.36', 'NEWSPIDER_MODULE': 'techtalk.spiders', 'SPIDER_MODULES': ['techtalk.spiders'], 'LOG_ENABLED': False, 'CONCURRENT_REQUESTS_PER_DOMAIN': 1}
2019-01-26 16:07:46 [scrapy.extensions.telnet] INFO: Telnet Password: 17d626d398240e75
2019-01-26 16:07:46 [scrapy.middleware] INFO: Enabled extensions:
['scrapy.extensions.telnet.TelnetConsole',
 'scrapy.extensions.corestats.CoreStats',
 'scrapy.extensions.memusage.MemoryUsage',
 'scrapy.extensions.logstats.LogStats']
2019-01-26 16:07:46 [scrapy.middleware] INFO: Enabled downloader middlewares:
['scrapy.downloadermiddlewares.httpauth.HttpAuthMiddleware',
 'scrapy.downloadermiddlewares.downloadtimeout.DownloadTimeoutMiddleware',
 'scrapy.downloadermiddlewares.defaultheaders.DefaultHeadersMiddleware',
 'scrapy.downloadermiddlewares.useragent.UserAgentMiddleware',
 'scrapy.downloadermiddlewares.retry.RetryMiddleware',
 'scrapy.downloadermiddlewares.redirect.MetaRefreshMiddleware',
 'scrapy.downloadermiddlewares.httpcompression.HttpCompressionMiddleware',
 'scrapy.downloadermiddlewares.redirect.RedirectMiddleware',
 'scrapy.downloadermiddlewares.cookies.CookiesMiddleware',
 'scrapy.downloadermiddlewares.httpproxy.HttpProxyMiddleware',
 'scrapy.downloadermiddlewares.stats.DownloaderStats']
2019-01-26 16:07:46 [scrapy.middleware] INFO: Enabled spider middlewares:
['scrapy.spidermiddlewares.httperror.HttpErrorMiddleware',
 'scrapy.spidermiddlewares.offsite.OffsiteMiddleware',
 'scrapy.spidermiddlewares.referer.RefererMiddleware',
 'scrapy.spidermiddlewares.urllength.UrlLengthMiddleware',
 'scrapy.spidermiddlewares.depth.DepthMiddleware']
2019-01-26 16:07:46 [scrapy.middleware] INFO: Enabled item pipelines:
['techtalk.pipelines.JsonPipeline']
2019-01-26 16:07:46 [scrapy.core.engine] INFO: Spider opened
2019-01-26 16:07:46 [scrapy.extensions.logstats] INFO: Crawled 0 pages (at 0 pages/min), scraped 0 items (at 0 items/min)
2019-01-26 16:07:46 [scrapy.extensions.telnet] DEBUG: Telnet console listening on 127.0.0.1:6023
2019-01-26 16:07:47 [scrapy.core.engine] DEBUG: Crawled (200) <GET https://www.thefactsite.com/> (referer: None)
2019-01-26 16:07:51 [scrapy.core.engine] DEBUG: Crawled (200) <GET https://www.thefactsite.com/2018/12/1000-interesting-facts.html> (referer: https://www.thefactsite.com/)
2019-01-26 16:07:51 [scrapy.core.scraper] ERROR: Spider error processing <GET https://www.thefactsite.com/2018/12/1000-interesting-facts.html> (referer: https://www.thefactsite.com/)
Traceback (most recent call last):
  File "/home/vremar/.virtualenvs/scrapy_test/lib/python3.5/site-packages/twisted/internet/defer.py", line 654, in _runCallbacks
    current.result = callback(current.result, *args, **kw)
  File "/home/vremar/Documentos/TechTalk/techtalk/techtalk/spiders/tellme_a_fact.py", line 27, in parse_page
    print(remove_tags(e))
NameError: name 'remove_tags' is not defined
2019-01-26 16:07:51 [scrapy.core.engine] INFO: Closing spider (finished)
2019-01-26 16:07:51 [scrapy.statscollectors] INFO: Dumping Scrapy stats:
{'downloader/request_bytes': 684,
 'downloader/request_count': 2,
 'downloader/request_method_count/GET': 2,
 'downloader/response_bytes': 210322,
 'downloader/response_count': 2,
 'downloader/response_status_count/200': 2,
 'finish_reason': 'finished',
 'finish_time': datetime.datetime(2019, 1, 26, 15, 7, 51, 712848),
 'log_count/DEBUG': 3,
 'log_count/ERROR': 1,
 'log_count/INFO': 8,
 'memusage/max': 52817920,
 'memusage/startup': 52817920,
 'request_depth_max': 1,
 'response_received_count': 2,
 'scheduler/dequeued': 2,
 'scheduler/dequeued/memory': 2,
 'scheduler/enqueued': 2,
 'scheduler/enqueued/memory': 2,
 'spider_exceptions/NameError': 1,
 'start_time': datetime.datetime(2019, 1, 26, 15, 7, 46, 662359)}
2019-01-26 16:07:51 [scrapy.core.engine] INFO: Spider closed (finished)
2019-01-26 16:08:12 [scrapy.utils.log] INFO: Scrapy 1.5.2 started (bot: techtalk)
2019-01-26 16:08:12 [scrapy.utils.log] INFO: Versions: lxml 4.3.0.0, libxml2 2.9.9, cssselect 1.0.3, parsel 1.5.1, w3lib 1.20.0, Twisted 18.9.0, Python 3.5.2 (default, Nov 12 2018, 13:43:14) - [GCC 5.4.0 20160609], pyOpenSSL 19.0.0 (OpenSSL 1.1.1a  20 Nov 2018), cryptography 2.5, Platform Linux-4.15.0-42-generic-x86_64-with-Ubuntu-16.04-xenial
2019-01-26 16:08:12 [scrapy.crawler] INFO: Overridden settings: {'LOG_ENABLED': False, 'BOT_NAME': 'techtalk', 'SPIDER_MODULES': ['techtalk.spiders'], 'DOWNLOAD_DELAY': 3, 'CONCURRENT_REQUESTS_PER_DOMAIN': 1, 'USER_AGENT': 'Mozilla/5.0 (Macintosh; Intel Mac OS X 10_11_0) AppleWebKit/537.36 (KHTML, like Gecko) Chrome/45.0.2454.101 Safari/537.36', 'NEWSPIDER_MODULE': 'techtalk.spiders', 'LOG_FILE': 'scrapLog.log', 'CONCURRENT_REQUESTS': 1}
2019-01-26 16:08:12 [scrapy.extensions.telnet] INFO: Telnet Password: 2acb1408f3376a40
2019-01-26 16:08:12 [scrapy.middleware] INFO: Enabled extensions:
['scrapy.extensions.telnet.TelnetConsole',
 'scrapy.extensions.memusage.MemoryUsage',
 'scrapy.extensions.corestats.CoreStats',
 'scrapy.extensions.logstats.LogStats']
2019-01-26 16:08:12 [scrapy.middleware] INFO: Enabled downloader middlewares:
['scrapy.downloadermiddlewares.httpauth.HttpAuthMiddleware',
 'scrapy.downloadermiddlewares.downloadtimeout.DownloadTimeoutMiddleware',
 'scrapy.downloadermiddlewares.defaultheaders.DefaultHeadersMiddleware',
 'scrapy.downloadermiddlewares.useragent.UserAgentMiddleware',
 'scrapy.downloadermiddlewares.retry.RetryMiddleware',
 'scrapy.downloadermiddlewares.redirect.MetaRefreshMiddleware',
 'scrapy.downloadermiddlewares.httpcompression.HttpCompressionMiddleware',
 'scrapy.downloadermiddlewares.redirect.RedirectMiddleware',
 'scrapy.downloadermiddlewares.cookies.CookiesMiddleware',
 'scrapy.downloadermiddlewares.httpproxy.HttpProxyMiddleware',
 'scrapy.downloadermiddlewares.stats.DownloaderStats']
2019-01-26 16:08:12 [scrapy.middleware] INFO: Enabled spider middlewares:
['scrapy.spidermiddlewares.httperror.HttpErrorMiddleware',
 'scrapy.spidermiddlewares.offsite.OffsiteMiddleware',
 'scrapy.spidermiddlewares.referer.RefererMiddleware',
 'scrapy.spidermiddlewares.urllength.UrlLengthMiddleware',
 'scrapy.spidermiddlewares.depth.DepthMiddleware']
2019-01-26 16:08:12 [scrapy.middleware] INFO: Enabled item pipelines:
['techtalk.pipelines.JsonPipeline']
2019-01-26 16:08:12 [scrapy.core.engine] INFO: Spider opened
2019-01-26 16:08:12 [scrapy.extensions.logstats] INFO: Crawled 0 pages (at 0 pages/min), scraped 0 items (at 0 items/min)
2019-01-26 16:08:12 [scrapy.extensions.telnet] DEBUG: Telnet console listening on 127.0.0.1:6023
2019-01-26 16:08:13 [scrapy.core.engine] DEBUG: Crawled (200) <GET https://www.thefactsite.com/> (referer: None)
2019-01-26 16:08:15 [scrapy.core.engine] DEBUG: Crawled (200) <GET https://www.thefactsite.com/2018/12/1000-interesting-facts.html> (referer: https://www.thefactsite.com/)
2019-01-26 16:08:15 [scrapy.core.scraper] ERROR: Spider error processing <GET https://www.thefactsite.com/2018/12/1000-interesting-facts.html> (referer: https://www.thefactsite.com/)
Traceback (most recent call last):
  File "/home/vremar/.virtualenvs/scrapy_test/lib/python3.5/site-packages/twisted/internet/defer.py", line 654, in _runCallbacks
    current.result = callback(current.result, *args, **kw)
  File "/home/vremar/Documentos/TechTalk/techtalk/techtalk/spiders/tellme_a_fact.py", line 27, in parse_page
    print(remove_tags(e))
NameError: name 'remove_tags' is not defined
2019-01-26 16:08:16 [scrapy.core.engine] INFO: Closing spider (finished)
2019-01-26 16:08:16 [scrapy.statscollectors] INFO: Dumping Scrapy stats:
{'downloader/request_bytes': 684,
 'downloader/request_count': 2,
 'downloader/request_method_count/GET': 2,
 'downloader/response_bytes': 210319,
 'downloader/response_count': 2,
 'downloader/response_status_count/200': 2,
 'finish_reason': 'finished',
 'finish_time': datetime.datetime(2019, 1, 26, 15, 8, 16, 11247),
 'log_count/DEBUG': 3,
 'log_count/ERROR': 1,
 'log_count/INFO': 8,
 'memusage/max': 52506624,
 'memusage/startup': 52506624,
 'request_depth_max': 1,
 'response_received_count': 2,
 'scheduler/dequeued': 2,
 'scheduler/dequeued/memory': 2,
 'scheduler/enqueued': 2,
 'scheduler/enqueued/memory': 2,
 'spider_exceptions/NameError': 1,
 'start_time': datetime.datetime(2019, 1, 26, 15, 8, 12, 476574)}
2019-01-26 16:08:16 [scrapy.core.engine] INFO: Spider closed (finished)
2019-01-26 16:08:37 [scrapy.utils.log] INFO: Scrapy 1.5.2 started (bot: techtalk)
2019-01-26 16:08:37 [scrapy.utils.log] INFO: Versions: lxml 4.3.0.0, libxml2 2.9.9, cssselect 1.0.3, parsel 1.5.1, w3lib 1.20.0, Twisted 18.9.0, Python 3.5.2 (default, Nov 12 2018, 13:43:14) - [GCC 5.4.0 20160609], pyOpenSSL 19.0.0 (OpenSSL 1.1.1a  20 Nov 2018), cryptography 2.5, Platform Linux-4.15.0-42-generic-x86_64-with-Ubuntu-16.04-xenial
2019-01-26 16:08:37 [scrapy.crawler] INFO: Overridden settings: {'CONCURRENT_REQUESTS': 1, 'LOG_ENABLED': False, 'SPIDER_MODULES': ['techtalk.spiders'], 'DOWNLOAD_DELAY': 3, 'NEWSPIDER_MODULE': 'techtalk.spiders', 'USER_AGENT': 'Mozilla/5.0 (Macintosh; Intel Mac OS X 10_11_0) AppleWebKit/537.36 (KHTML, like Gecko) Chrome/45.0.2454.101 Safari/537.36', 'BOT_NAME': 'techtalk', 'LOG_FILE': 'scrapLog.log', 'CONCURRENT_REQUESTS_PER_DOMAIN': 1}
2019-01-26 16:08:37 [scrapy.extensions.telnet] INFO: Telnet Password: 7e790155c00043b8
2019-01-26 16:08:37 [scrapy.middleware] INFO: Enabled extensions:
['scrapy.extensions.logstats.LogStats',
 'scrapy.extensions.telnet.TelnetConsole',
 'scrapy.extensions.memusage.MemoryUsage',
 'scrapy.extensions.corestats.CoreStats']
2019-01-26 16:08:37 [scrapy.middleware] INFO: Enabled downloader middlewares:
['scrapy.downloadermiddlewares.httpauth.HttpAuthMiddleware',
 'scrapy.downloadermiddlewares.downloadtimeout.DownloadTimeoutMiddleware',
 'scrapy.downloadermiddlewares.defaultheaders.DefaultHeadersMiddleware',
 'scrapy.downloadermiddlewares.useragent.UserAgentMiddleware',
 'scrapy.downloadermiddlewares.retry.RetryMiddleware',
 'scrapy.downloadermiddlewares.redirect.MetaRefreshMiddleware',
 'scrapy.downloadermiddlewares.httpcompression.HttpCompressionMiddleware',
 'scrapy.downloadermiddlewares.redirect.RedirectMiddleware',
 'scrapy.downloadermiddlewares.cookies.CookiesMiddleware',
 'scrapy.downloadermiddlewares.httpproxy.HttpProxyMiddleware',
 'scrapy.downloadermiddlewares.stats.DownloaderStats']
2019-01-26 16:08:37 [scrapy.middleware] INFO: Enabled spider middlewares:
['scrapy.spidermiddlewares.httperror.HttpErrorMiddleware',
 'scrapy.spidermiddlewares.offsite.OffsiteMiddleware',
 'scrapy.spidermiddlewares.referer.RefererMiddleware',
 'scrapy.spidermiddlewares.urllength.UrlLengthMiddleware',
 'scrapy.spidermiddlewares.depth.DepthMiddleware']
2019-01-26 16:08:37 [scrapy.middleware] INFO: Enabled item pipelines:
['techtalk.pipelines.JsonPipeline']
2019-01-26 16:08:37 [scrapy.core.engine] INFO: Spider opened
2019-01-26 16:08:37 [scrapy.extensions.logstats] INFO: Crawled 0 pages (at 0 pages/min), scraped 0 items (at 0 items/min)
2019-01-26 16:08:37 [scrapy.extensions.telnet] DEBUG: Telnet console listening on 127.0.0.1:6023
2019-01-26 16:08:38 [scrapy.core.engine] DEBUG: Crawled (200) <GET https://www.thefactsite.com/> (referer: None)
2019-01-26 16:08:41 [scrapy.core.engine] DEBUG: Crawled (200) <GET https://www.thefactsite.com/2018/12/1000-interesting-facts.html> (referer: https://www.thefactsite.com/)
2019-01-26 16:08:41 [scrapy.core.scraper] ERROR: Spider error processing <GET https://www.thefactsite.com/2018/12/1000-interesting-facts.html> (referer: https://www.thefactsite.com/)
Traceback (most recent call last):
  File "/home/vremar/.virtualenvs/scrapy_test/lib/python3.5/site-packages/twisted/internet/defer.py", line 654, in _runCallbacks
    current.result = callback(current.result, *args, **kw)
  File "/home/vremar/Documentos/TechTalk/techtalk/techtalk/spiders/tellme_a_fact.py", line 27, in parse_page
    print(self.remove_tags(e))
  File "/home/vremar/Documentos/TechTalk/techtalk/techtalk/spiders/tellme_a_fact.py", line 30, in remove_tags
    return ''.join(xml.etree.ElementTree.fromstring(text).itertext())
NameError: name 'xml' is not defined
2019-01-26 16:08:41 [scrapy.core.engine] INFO: Closing spider (finished)
2019-01-26 16:08:41 [scrapy.statscollectors] INFO: Dumping Scrapy stats:
{'downloader/request_bytes': 684,
 'downloader/request_count': 2,
 'downloader/request_method_count/GET': 2,
 'downloader/response_bytes': 210319,
 'downloader/response_count': 2,
 'downloader/response_status_count/200': 2,
 'finish_reason': 'finished',
 'finish_time': datetime.datetime(2019, 1, 26, 15, 8, 41, 940297),
 'log_count/DEBUG': 3,
 'log_count/ERROR': 1,
 'log_count/INFO': 8,
 'memusage/max': 52834304,
 'memusage/startup': 52834304,
 'request_depth_max': 1,
 'response_received_count': 2,
 'scheduler/dequeued': 2,
 'scheduler/dequeued/memory': 2,
 'scheduler/enqueued': 2,
 'scheduler/enqueued/memory': 2,
 'spider_exceptions/NameError': 1,
 'start_time': datetime.datetime(2019, 1, 26, 15, 8, 37, 616473)}
2019-01-26 16:08:41 [scrapy.core.engine] INFO: Spider closed (finished)
2019-01-26 16:08:51 [scrapy.utils.log] INFO: Scrapy 1.5.2 started (bot: techtalk)
2019-01-26 16:08:51 [scrapy.utils.log] INFO: Versions: lxml 4.3.0.0, libxml2 2.9.9, cssselect 1.0.3, parsel 1.5.1, w3lib 1.20.0, Twisted 18.9.0, Python 3.5.2 (default, Nov 12 2018, 13:43:14) - [GCC 5.4.0 20160609], pyOpenSSL 19.0.0 (OpenSSL 1.1.1a  20 Nov 2018), cryptography 2.5, Platform Linux-4.15.0-42-generic-x86_64-with-Ubuntu-16.04-xenial
2019-01-26 16:08:51 [scrapy.crawler] INFO: Overridden settings: {'LOG_FILE': 'scrapLog.log', 'USER_AGENT': 'Mozilla/5.0 (Macintosh; Intel Mac OS X 10_11_0) AppleWebKit/537.36 (KHTML, like Gecko) Chrome/45.0.2454.101 Safari/537.36', 'DOWNLOAD_DELAY': 3, 'SPIDER_MODULES': ['techtalk.spiders'], 'BOT_NAME': 'techtalk', 'CONCURRENT_REQUESTS': 1, 'CONCURRENT_REQUESTS_PER_DOMAIN': 1, 'NEWSPIDER_MODULE': 'techtalk.spiders', 'LOG_ENABLED': False}
2019-01-26 16:08:51 [scrapy.extensions.telnet] INFO: Telnet Password: c83eabf373a8a105
2019-01-26 16:08:51 [scrapy.middleware] INFO: Enabled extensions:
['scrapy.extensions.corestats.CoreStats',
 'scrapy.extensions.logstats.LogStats',
 'scrapy.extensions.memusage.MemoryUsage',
 'scrapy.extensions.telnet.TelnetConsole']
2019-01-26 16:08:51 [scrapy.middleware] INFO: Enabled downloader middlewares:
['scrapy.downloadermiddlewares.httpauth.HttpAuthMiddleware',
 'scrapy.downloadermiddlewares.downloadtimeout.DownloadTimeoutMiddleware',
 'scrapy.downloadermiddlewares.defaultheaders.DefaultHeadersMiddleware',
 'scrapy.downloadermiddlewares.useragent.UserAgentMiddleware',
 'scrapy.downloadermiddlewares.retry.RetryMiddleware',
 'scrapy.downloadermiddlewares.redirect.MetaRefreshMiddleware',
 'scrapy.downloadermiddlewares.httpcompression.HttpCompressionMiddleware',
 'scrapy.downloadermiddlewares.redirect.RedirectMiddleware',
 'scrapy.downloadermiddlewares.cookies.CookiesMiddleware',
 'scrapy.downloadermiddlewares.httpproxy.HttpProxyMiddleware',
 'scrapy.downloadermiddlewares.stats.DownloaderStats']
2019-01-26 16:08:51 [scrapy.middleware] INFO: Enabled spider middlewares:
['scrapy.spidermiddlewares.httperror.HttpErrorMiddleware',
 'scrapy.spidermiddlewares.offsite.OffsiteMiddleware',
 'scrapy.spidermiddlewares.referer.RefererMiddleware',
 'scrapy.spidermiddlewares.urllength.UrlLengthMiddleware',
 'scrapy.spidermiddlewares.depth.DepthMiddleware']
2019-01-26 16:08:51 [scrapy.middleware] INFO: Enabled item pipelines:
['techtalk.pipelines.JsonPipeline']
2019-01-26 16:08:51 [scrapy.core.engine] INFO: Spider opened
2019-01-26 16:08:51 [scrapy.extensions.logstats] INFO: Crawled 0 pages (at 0 pages/min), scraped 0 items (at 0 items/min)
2019-01-26 16:08:51 [scrapy.extensions.telnet] DEBUG: Telnet console listening on 127.0.0.1:6023
2019-01-26 16:08:52 [scrapy.core.engine] DEBUG: Crawled (200) <GET https://www.thefactsite.com/> (referer: None)
2019-01-26 16:08:56 [scrapy.core.engine] DEBUG: Crawled (200) <GET https://www.thefactsite.com/2018/12/1000-interesting-facts.html> (referer: https://www.thefactsite.com/)
2019-01-26 16:08:56 [scrapy.core.scraper] ERROR: Spider error processing <GET https://www.thefactsite.com/2018/12/1000-interesting-facts.html> (referer: https://www.thefactsite.com/)
Traceback (most recent call last):
  File "/home/vremar/.virtualenvs/scrapy_test/lib/python3.5/site-packages/twisted/internet/defer.py", line 654, in _runCallbacks
    current.result = callback(current.result, *args, **kw)
  File "/home/vremar/Documentos/TechTalk/techtalk/techtalk/spiders/tellme_a_fact.py", line 27, in parse_page
    print(self.remove_tags(e))
  File "/home/vremar/Documentos/TechTalk/techtalk/techtalk/spiders/tellme_a_fact.py", line 30, in remove_tags
    return ''.join(xml.etree.ElementTree.fromstring(text).itertext())
NameError: name 'xml' is not defined
2019-01-26 16:08:56 [scrapy.core.engine] INFO: Closing spider (finished)
2019-01-26 16:08:56 [scrapy.statscollectors] INFO: Dumping Scrapy stats:
{'downloader/request_bytes': 684,
 'downloader/request_count': 2,
 'downloader/request_method_count/GET': 2,
 'downloader/response_bytes': 210319,
 'downloader/response_count': 2,
 'downloader/response_status_count/200': 2,
 'finish_reason': 'finished',
 'finish_time': datetime.datetime(2019, 1, 26, 15, 8, 56, 400072),
 'log_count/DEBUG': 3,
 'log_count/ERROR': 1,
 'log_count/INFO': 8,
 'memusage/max': 52248576,
 'memusage/startup': 52248576,
 'request_depth_max': 1,
 'response_received_count': 2,
 'scheduler/dequeued': 2,
 'scheduler/dequeued/memory': 2,
 'scheduler/enqueued': 2,
 'scheduler/enqueued/memory': 2,
 'spider_exceptions/NameError': 1,
 'start_time': datetime.datetime(2019, 1, 26, 15, 8, 51, 724287)}
2019-01-26 16:08:56 [scrapy.core.engine] INFO: Spider closed (finished)
2019-01-26 16:09:38 [scrapy.utils.log] INFO: Scrapy 1.5.2 started (bot: techtalk)
2019-01-26 16:09:38 [scrapy.utils.log] INFO: Versions: lxml 4.3.0.0, libxml2 2.9.9, cssselect 1.0.3, parsel 1.5.1, w3lib 1.20.0, Twisted 18.9.0, Python 3.5.2 (default, Nov 12 2018, 13:43:14) - [GCC 5.4.0 20160609], pyOpenSSL 19.0.0 (OpenSSL 1.1.1a  20 Nov 2018), cryptography 2.5, Platform Linux-4.15.0-42-generic-x86_64-with-Ubuntu-16.04-xenial
2019-01-26 16:09:38 [scrapy.crawler] INFO: Overridden settings: {'BOT_NAME': 'techtalk', 'CONCURRENT_REQUESTS_PER_DOMAIN': 1, 'NEWSPIDER_MODULE': 'techtalk.spiders', 'CONCURRENT_REQUESTS': 1, 'LOG_ENABLED': False, 'SPIDER_MODULES': ['techtalk.spiders'], 'DOWNLOAD_DELAY': 3, 'USER_AGENT': 'Mozilla/5.0 (Macintosh; Intel Mac OS X 10_11_0) AppleWebKit/537.36 (KHTML, like Gecko) Chrome/45.0.2454.101 Safari/537.36', 'LOG_FILE': 'scrapLog.log'}
2019-01-26 16:09:38 [scrapy.extensions.telnet] INFO: Telnet Password: 60d7d3969dac9cef
2019-01-26 16:09:38 [scrapy.middleware] INFO: Enabled extensions:
['scrapy.extensions.memusage.MemoryUsage',
 'scrapy.extensions.telnet.TelnetConsole',
 'scrapy.extensions.corestats.CoreStats',
 'scrapy.extensions.logstats.LogStats']
2019-01-26 16:09:38 [scrapy.middleware] INFO: Enabled downloader middlewares:
['scrapy.downloadermiddlewares.httpauth.HttpAuthMiddleware',
 'scrapy.downloadermiddlewares.downloadtimeout.DownloadTimeoutMiddleware',
 'scrapy.downloadermiddlewares.defaultheaders.DefaultHeadersMiddleware',
 'scrapy.downloadermiddlewares.useragent.UserAgentMiddleware',
 'scrapy.downloadermiddlewares.retry.RetryMiddleware',
 'scrapy.downloadermiddlewares.redirect.MetaRefreshMiddleware',
 'scrapy.downloadermiddlewares.httpcompression.HttpCompressionMiddleware',
 'scrapy.downloadermiddlewares.redirect.RedirectMiddleware',
 'scrapy.downloadermiddlewares.cookies.CookiesMiddleware',
 'scrapy.downloadermiddlewares.httpproxy.HttpProxyMiddleware',
 'scrapy.downloadermiddlewares.stats.DownloaderStats']
2019-01-26 16:09:38 [scrapy.middleware] INFO: Enabled spider middlewares:
['scrapy.spidermiddlewares.httperror.HttpErrorMiddleware',
 'scrapy.spidermiddlewares.offsite.OffsiteMiddleware',
 'scrapy.spidermiddlewares.referer.RefererMiddleware',
 'scrapy.spidermiddlewares.urllength.UrlLengthMiddleware',
 'scrapy.spidermiddlewares.depth.DepthMiddleware']
2019-01-26 16:09:38 [scrapy.middleware] INFO: Enabled item pipelines:
['techtalk.pipelines.JsonPipeline']
2019-01-26 16:09:38 [scrapy.core.engine] INFO: Spider opened
2019-01-26 16:09:38 [scrapy.extensions.logstats] INFO: Crawled 0 pages (at 0 pages/min), scraped 0 items (at 0 items/min)
2019-01-26 16:09:38 [scrapy.extensions.telnet] DEBUG: Telnet console listening on 127.0.0.1:6023
2019-01-26 16:09:39 [scrapy.core.engine] DEBUG: Crawled (200) <GET https://www.thefactsite.com/> (referer: None)
2019-01-26 16:09:42 [scrapy.core.engine] DEBUG: Crawled (200) <GET https://www.thefactsite.com/2018/12/1000-interesting-facts.html> (referer: https://www.thefactsite.com/)
2019-01-26 16:09:42 [scrapy.core.scraper] ERROR: Spider error processing <GET https://www.thefactsite.com/2018/12/1000-interesting-facts.html> (referer: https://www.thefactsite.com/)
Traceback (most recent call last):
  File "/home/vremar/.virtualenvs/scrapy_test/lib/python3.5/site-packages/twisted/internet/defer.py", line 654, in _runCallbacks
    current.result = callback(current.result, *args, **kw)
  File "/home/vremar/Documentos/TechTalk/techtalk/techtalk/spiders/tellme_a_fact.py", line 27, in parse_page
    print(self.remove_tags(e))
  File "/home/vremar/Documentos/TechTalk/techtalk/techtalk/spiders/tellme_a_fact.py", line 30, in remove_tags
    return ''.join(xml.etree.ElementTree.fromstring(text).itertext())
NameError: name 'xml' is not defined
2019-01-26 16:09:42 [scrapy.core.engine] INFO: Closing spider (finished)
2019-01-26 16:09:42 [scrapy.statscollectors] INFO: Dumping Scrapy stats:
{'downloader/request_bytes': 684,
 'downloader/request_count': 2,
 'downloader/request_method_count/GET': 2,
 'downloader/response_bytes': 210319,
 'downloader/response_count': 2,
 'downloader/response_status_count/200': 2,
 'finish_reason': 'finished',
 'finish_time': datetime.datetime(2019, 1, 26, 15, 9, 42, 947236),
 'log_count/DEBUG': 3,
 'log_count/ERROR': 1,
 'log_count/INFO': 8,
 'memusage/max': 52572160,
 'memusage/startup': 52572160,
 'request_depth_max': 1,
 'response_received_count': 2,
 'scheduler/dequeued': 2,
 'scheduler/dequeued/memory': 2,
 'scheduler/enqueued': 2,
 'scheduler/enqueued/memory': 2,
 'spider_exceptions/NameError': 1,
 'start_time': datetime.datetime(2019, 1, 26, 15, 9, 38, 813729)}
2019-01-26 16:09:42 [scrapy.core.engine] INFO: Spider closed (finished)
2019-01-26 16:10:13 [scrapy.utils.log] INFO: Scrapy 1.5.2 started (bot: techtalk)
2019-01-26 16:10:13 [scrapy.utils.log] INFO: Versions: lxml 4.3.0.0, libxml2 2.9.9, cssselect 1.0.3, parsel 1.5.1, w3lib 1.20.0, Twisted 18.9.0, Python 3.5.2 (default, Nov 12 2018, 13:43:14) - [GCC 5.4.0 20160609], pyOpenSSL 19.0.0 (OpenSSL 1.1.1a  20 Nov 2018), cryptography 2.5, Platform Linux-4.15.0-42-generic-x86_64-with-Ubuntu-16.04-xenial
2019-01-26 16:10:13 [scrapy.crawler] INFO: Overridden settings: {'DOWNLOAD_DELAY': 3, 'LOG_ENABLED': False, 'SPIDER_MODULES': ['techtalk.spiders'], 'LOG_FILE': 'scrapLog.log', 'CONCURRENT_REQUESTS_PER_DOMAIN': 1, 'BOT_NAME': 'techtalk', 'USER_AGENT': 'Mozilla/5.0 (Macintosh; Intel Mac OS X 10_11_0) AppleWebKit/537.36 (KHTML, like Gecko) Chrome/45.0.2454.101 Safari/537.36', 'CONCURRENT_REQUESTS': 1, 'NEWSPIDER_MODULE': 'techtalk.spiders'}
2019-01-26 16:10:13 [scrapy.extensions.telnet] INFO: Telnet Password: b7cfffb4177eb145
2019-01-26 16:10:13 [scrapy.middleware] INFO: Enabled extensions:
['scrapy.extensions.telnet.TelnetConsole',
 'scrapy.extensions.corestats.CoreStats',
 'scrapy.extensions.logstats.LogStats',
 'scrapy.extensions.memusage.MemoryUsage']
2019-01-26 16:10:13 [scrapy.middleware] INFO: Enabled downloader middlewares:
['scrapy.downloadermiddlewares.httpauth.HttpAuthMiddleware',
 'scrapy.downloadermiddlewares.downloadtimeout.DownloadTimeoutMiddleware',
 'scrapy.downloadermiddlewares.defaultheaders.DefaultHeadersMiddleware',
 'scrapy.downloadermiddlewares.useragent.UserAgentMiddleware',
 'scrapy.downloadermiddlewares.retry.RetryMiddleware',
 'scrapy.downloadermiddlewares.redirect.MetaRefreshMiddleware',
 'scrapy.downloadermiddlewares.httpcompression.HttpCompressionMiddleware',
 'scrapy.downloadermiddlewares.redirect.RedirectMiddleware',
 'scrapy.downloadermiddlewares.cookies.CookiesMiddleware',
 'scrapy.downloadermiddlewares.httpproxy.HttpProxyMiddleware',
 'scrapy.downloadermiddlewares.stats.DownloaderStats']
2019-01-26 16:10:13 [scrapy.middleware] INFO: Enabled spider middlewares:
['scrapy.spidermiddlewares.httperror.HttpErrorMiddleware',
 'scrapy.spidermiddlewares.offsite.OffsiteMiddleware',
 'scrapy.spidermiddlewares.referer.RefererMiddleware',
 'scrapy.spidermiddlewares.urllength.UrlLengthMiddleware',
 'scrapy.spidermiddlewares.depth.DepthMiddleware']
2019-01-26 16:10:13 [scrapy.middleware] INFO: Enabled item pipelines:
['techtalk.pipelines.JsonPipeline']
2019-01-26 16:10:13 [scrapy.core.engine] INFO: Spider opened
2019-01-26 16:10:13 [scrapy.extensions.logstats] INFO: Crawled 0 pages (at 0 pages/min), scraped 0 items (at 0 items/min)
2019-01-26 16:10:13 [scrapy.extensions.telnet] DEBUG: Telnet console listening on 127.0.0.1:6023
2019-01-26 16:10:14 [scrapy.core.engine] DEBUG: Crawled (200) <GET https://www.thefactsite.com/> (referer: None)
2019-01-26 16:10:16 [scrapy.core.engine] DEBUG: Crawled (200) <GET https://www.thefactsite.com/2018/12/1000-interesting-facts.html> (referer: https://www.thefactsite.com/)
2019-01-26 16:10:16 [scrapy.core.scraper] ERROR: Spider error processing <GET https://www.thefactsite.com/2018/12/1000-interesting-facts.html> (referer: https://www.thefactsite.com/)
Traceback (most recent call last):
  File "/home/vremar/.virtualenvs/scrapy_test/lib/python3.5/site-packages/twisted/internet/defer.py", line 654, in _runCallbacks
    current.result = callback(current.result, *args, **kw)
  File "/home/vremar/Documentos/TechTalk/techtalk/techtalk/spiders/tellme_a_fact.py", line 28, in parse_page
    print(self.remove_tags(e))
  File "/home/vremar/Documentos/TechTalk/techtalk/techtalk/spiders/tellme_a_fact.py", line 31, in remove_tags
    return ''.join(xml.etree.ElementTree.fromstring(text).itertext())
AttributeError: module 'xml' has no attribute 'etree'
2019-01-26 16:10:16 [scrapy.core.engine] INFO: Closing spider (finished)
2019-01-26 16:10:16 [scrapy.statscollectors] INFO: Dumping Scrapy stats:
{'downloader/request_bytes': 684,
 'downloader/request_count': 2,
 'downloader/request_method_count/GET': 2,
 'downloader/response_bytes': 210320,
 'downloader/response_count': 2,
 'downloader/response_status_count/200': 2,
 'finish_reason': 'finished',
 'finish_time': datetime.datetime(2019, 1, 26, 15, 10, 16, 638121),
 'log_count/DEBUG': 3,
 'log_count/ERROR': 1,
 'log_count/INFO': 8,
 'memusage/max': 52473856,
 'memusage/startup': 52473856,
 'request_depth_max': 1,
 'response_received_count': 2,
 'scheduler/dequeued': 2,
 'scheduler/dequeued/memory': 2,
 'scheduler/enqueued': 2,
 'scheduler/enqueued/memory': 2,
 'spider_exceptions/AttributeError': 1,
 'start_time': datetime.datetime(2019, 1, 26, 15, 10, 13, 519513)}
2019-01-26 16:10:16 [scrapy.core.engine] INFO: Spider closed (finished)
2019-01-26 16:12:11 [scrapy.utils.log] INFO: Scrapy 1.5.2 started (bot: techtalk)
2019-01-26 16:12:11 [scrapy.utils.log] INFO: Versions: lxml 4.3.0.0, libxml2 2.9.9, cssselect 1.0.3, parsel 1.5.1, w3lib 1.20.0, Twisted 18.9.0, Python 3.5.2 (default, Nov 12 2018, 13:43:14) - [GCC 5.4.0 20160609], pyOpenSSL 19.0.0 (OpenSSL 1.1.1a  20 Nov 2018), cryptography 2.5, Platform Linux-4.15.0-42-generic-x86_64-with-Ubuntu-16.04-xenial
2019-01-26 16:12:11 [scrapy.crawler] INFO: Overridden settings: {'LOG_FILE': 'scrapLog.log', 'BOT_NAME': 'techtalk', 'CONCURRENT_REQUESTS': 1, 'DOWNLOAD_DELAY': 3, 'NEWSPIDER_MODULE': 'techtalk.spiders', 'LOG_ENABLED': False, 'SPIDER_MODULES': ['techtalk.spiders'], 'USER_AGENT': 'Mozilla/5.0 (Macintosh; Intel Mac OS X 10_11_0) AppleWebKit/537.36 (KHTML, like Gecko) Chrome/45.0.2454.101 Safari/537.36', 'CONCURRENT_REQUESTS_PER_DOMAIN': 1}
2019-01-26 16:12:11 [scrapy.extensions.telnet] INFO: Telnet Password: 5fbabe0ac5c64b68
2019-01-26 16:12:11 [scrapy.middleware] INFO: Enabled extensions:
['scrapy.extensions.logstats.LogStats',
 'scrapy.extensions.corestats.CoreStats',
 'scrapy.extensions.memusage.MemoryUsage',
 'scrapy.extensions.telnet.TelnetConsole']
2019-01-26 16:12:11 [scrapy.middleware] INFO: Enabled downloader middlewares:
['scrapy.downloadermiddlewares.httpauth.HttpAuthMiddleware',
 'scrapy.downloadermiddlewares.downloadtimeout.DownloadTimeoutMiddleware',
 'scrapy.downloadermiddlewares.defaultheaders.DefaultHeadersMiddleware',
 'scrapy.downloadermiddlewares.useragent.UserAgentMiddleware',
 'scrapy.downloadermiddlewares.retry.RetryMiddleware',
 'scrapy.downloadermiddlewares.redirect.MetaRefreshMiddleware',
 'scrapy.downloadermiddlewares.httpcompression.HttpCompressionMiddleware',
 'scrapy.downloadermiddlewares.redirect.RedirectMiddleware',
 'scrapy.downloadermiddlewares.cookies.CookiesMiddleware',
 'scrapy.downloadermiddlewares.httpproxy.HttpProxyMiddleware',
 'scrapy.downloadermiddlewares.stats.DownloaderStats']
2019-01-26 16:12:11 [scrapy.middleware] INFO: Enabled spider middlewares:
['scrapy.spidermiddlewares.httperror.HttpErrorMiddleware',
 'scrapy.spidermiddlewares.offsite.OffsiteMiddleware',
 'scrapy.spidermiddlewares.referer.RefererMiddleware',
 'scrapy.spidermiddlewares.urllength.UrlLengthMiddleware',
 'scrapy.spidermiddlewares.depth.DepthMiddleware']
2019-01-26 16:12:11 [scrapy.middleware] INFO: Enabled item pipelines:
['techtalk.pipelines.JsonPipeline']
2019-01-26 16:12:11 [scrapy.core.engine] INFO: Spider opened
2019-01-26 16:12:11 [scrapy.extensions.logstats] INFO: Crawled 0 pages (at 0 pages/min), scraped 0 items (at 0 items/min)
2019-01-26 16:12:11 [scrapy.extensions.telnet] DEBUG: Telnet console listening on 127.0.0.1:6023
2019-01-26 16:12:12 [scrapy.core.engine] DEBUG: Crawled (200) <GET https://www.thefactsite.com/> (referer: None)
2019-01-26 16:12:14 [scrapy.core.engine] DEBUG: Crawled (200) <GET https://www.thefactsite.com/2018/12/1000-interesting-facts.html> (referer: https://www.thefactsite.com/)
2019-01-26 16:12:14 [scrapy.core.engine] INFO: Closing spider (finished)
2019-01-26 16:12:14 [scrapy.statscollectors] INFO: Dumping Scrapy stats:
{'downloader/request_bytes': 684,
 'downloader/request_count': 2,
 'downloader/request_method_count/GET': 2,
 'downloader/response_bytes': 210321,
 'downloader/response_count': 2,
 'downloader/response_status_count/200': 2,
 'finish_reason': 'finished',
 'finish_time': datetime.datetime(2019, 1, 26, 15, 12, 14, 471937),
 'log_count/DEBUG': 3,
 'log_count/INFO': 8,
 'memusage/max': 52756480,
 'memusage/startup': 52756480,
 'request_depth_max': 1,
 'response_received_count': 2,
 'scheduler/dequeued': 2,
 'scheduler/dequeued/memory': 2,
 'scheduler/enqueued': 2,
 'scheduler/enqueued/memory': 2,
 'start_time': datetime.datetime(2019, 1, 26, 15, 12, 11, 852616)}
2019-01-26 16:12:14 [scrapy.core.engine] INFO: Spider closed (finished)
2019-01-26 16:15:10 [scrapy.utils.log] INFO: Scrapy 1.5.2 started (bot: techtalk)
2019-01-26 16:15:10 [scrapy.utils.log] INFO: Versions: lxml 4.3.0.0, libxml2 2.9.9, cssselect 1.0.3, parsel 1.5.1, w3lib 1.20.0, Twisted 18.9.0, Python 3.5.2 (default, Nov 12 2018, 13:43:14) - [GCC 5.4.0 20160609], pyOpenSSL 19.0.0 (OpenSSL 1.1.1a  20 Nov 2018), cryptography 2.5, Platform Linux-4.15.0-42-generic-x86_64-with-Ubuntu-16.04-xenial
2019-01-26 16:15:10 [scrapy.crawler] INFO: Overridden settings: {'CONCURRENT_REQUESTS': 1, 'CONCURRENT_REQUESTS_PER_DOMAIN': 1, 'NEWSPIDER_MODULE': 'techtalk.spiders', 'BOT_NAME': 'techtalk', 'LOG_ENABLED': False, 'DOWNLOAD_DELAY': 3, 'SPIDER_MODULES': ['techtalk.spiders'], 'USER_AGENT': 'Mozilla/5.0 (Macintosh; Intel Mac OS X 10_11_0) AppleWebKit/537.36 (KHTML, like Gecko) Chrome/45.0.2454.101 Safari/537.36', 'LOG_FILE': 'scrapLog.log'}
2019-01-26 16:15:10 [scrapy.extensions.telnet] INFO: Telnet Password: 61687c4efc0bef04
2019-01-26 16:15:10 [scrapy.middleware] INFO: Enabled extensions:
['scrapy.extensions.logstats.LogStats',
 'scrapy.extensions.corestats.CoreStats',
 'scrapy.extensions.telnet.TelnetConsole',
 'scrapy.extensions.memusage.MemoryUsage']
2019-01-26 16:15:10 [scrapy.middleware] INFO: Enabled downloader middlewares:
['scrapy.downloadermiddlewares.httpauth.HttpAuthMiddleware',
 'scrapy.downloadermiddlewares.downloadtimeout.DownloadTimeoutMiddleware',
 'scrapy.downloadermiddlewares.defaultheaders.DefaultHeadersMiddleware',
 'scrapy.downloadermiddlewares.useragent.UserAgentMiddleware',
 'scrapy.downloadermiddlewares.retry.RetryMiddleware',
 'scrapy.downloadermiddlewares.redirect.MetaRefreshMiddleware',
 'scrapy.downloadermiddlewares.httpcompression.HttpCompressionMiddleware',
 'scrapy.downloadermiddlewares.redirect.RedirectMiddleware',
 'scrapy.downloadermiddlewares.cookies.CookiesMiddleware',
 'scrapy.downloadermiddlewares.httpproxy.HttpProxyMiddleware',
 'scrapy.downloadermiddlewares.stats.DownloaderStats']
2019-01-26 16:15:10 [scrapy.middleware] INFO: Enabled spider middlewares:
['scrapy.spidermiddlewares.httperror.HttpErrorMiddleware',
 'scrapy.spidermiddlewares.offsite.OffsiteMiddleware',
 'scrapy.spidermiddlewares.referer.RefererMiddleware',
 'scrapy.spidermiddlewares.urllength.UrlLengthMiddleware',
 'scrapy.spidermiddlewares.depth.DepthMiddleware']
2019-01-26 16:15:10 [scrapy.middleware] INFO: Enabled item pipelines:
['techtalk.pipelines.JsonPipeline']
2019-01-26 16:15:10 [scrapy.core.engine] INFO: Spider opened
2019-01-26 16:15:10 [scrapy.extensions.logstats] INFO: Crawled 0 pages (at 0 pages/min), scraped 0 items (at 0 items/min)
2019-01-26 16:15:10 [scrapy.extensions.telnet] DEBUG: Telnet console listening on 127.0.0.1:6023
2019-01-26 16:15:11 [scrapy.core.engine] DEBUG: Crawled (200) <GET https://www.thefactsite.com/> (referer: None)
2019-01-26 16:15:14 [scrapy.core.engine] DEBUG: Crawled (200) <GET https://www.thefactsite.com/2018/12/1000-interesting-facts.html> (referer: https://www.thefactsite.com/)
2019-01-26 16:15:14 [scrapy.core.scraper] ERROR: Spider error processing <GET https://www.thefactsite.com/2018/12/1000-interesting-facts.html> (referer: https://www.thefactsite.com/)
Traceback (most recent call last):
  File "/home/vremar/.virtualenvs/scrapy_test/lib/python3.5/site-packages/scrapy/utils/defer.py", line 102, in iter_errback
    yield next(it)
  File "/home/vremar/.virtualenvs/scrapy_test/lib/python3.5/site-packages/scrapy/spidermiddlewares/offsite.py", line 30, in process_spider_output
    for x in result:
  File "/home/vremar/.virtualenvs/scrapy_test/lib/python3.5/site-packages/scrapy/spidermiddlewares/referer.py", line 339, in <genexpr>
    return (_set_referer(r) for r in result or ())
  File "/home/vremar/.virtualenvs/scrapy_test/lib/python3.5/site-packages/scrapy/spidermiddlewares/urllength.py", line 37, in <genexpr>
    return (r for r in result or () if _filter(r))
  File "/home/vremar/.virtualenvs/scrapy_test/lib/python3.5/site-packages/scrapy/spidermiddlewares/depth.py", line 58, in <genexpr>
    return (r for r in result or () if _filter(r))
  File "/home/vremar/Documentos/TechTalk/techtalk/techtalk/spiders/tellme_a_fact.py", line 25, in parse_page
    facts = [e.join(ET.fromstring(text).itertext()) for e in facts]
  File "/home/vremar/Documentos/TechTalk/techtalk/techtalk/spiders/tellme_a_fact.py", line 25, in <listcomp>
    facts = [e.join(ET.fromstring(text).itertext()) for e in facts]
NameError: name 'text' is not defined
2019-01-26 16:15:14 [scrapy.core.engine] INFO: Closing spider (finished)
2019-01-26 16:15:14 [scrapy.statscollectors] INFO: Dumping Scrapy stats:
{'downloader/request_bytes': 684,
 'downloader/request_count': 2,
 'downloader/request_method_count/GET': 2,
 'downloader/response_bytes': 210320,
 'downloader/response_count': 2,
 'downloader/response_status_count/200': 2,
 'finish_reason': 'finished',
 'finish_time': datetime.datetime(2019, 1, 26, 15, 15, 14, 505645),
 'log_count/DEBUG': 3,
 'log_count/ERROR': 1,
 'log_count/INFO': 8,
 'memusage/max': 52645888,
 'memusage/startup': 52645888,
 'request_depth_max': 1,
 'response_received_count': 2,
 'scheduler/dequeued': 2,
 'scheduler/dequeued/memory': 2,
 'scheduler/enqueued': 2,
 'scheduler/enqueued/memory': 2,
 'spider_exceptions/NameError': 1,
 'start_time': datetime.datetime(2019, 1, 26, 15, 15, 10, 722005)}
2019-01-26 16:15:14 [scrapy.core.engine] INFO: Spider closed (finished)
2019-01-26 16:15:37 [scrapy.utils.log] INFO: Scrapy 1.5.2 started (bot: techtalk)
2019-01-26 16:15:37 [scrapy.utils.log] INFO: Versions: lxml 4.3.0.0, libxml2 2.9.9, cssselect 1.0.3, parsel 1.5.1, w3lib 1.20.0, Twisted 18.9.0, Python 3.5.2 (default, Nov 12 2018, 13:43:14) - [GCC 5.4.0 20160609], pyOpenSSL 19.0.0 (OpenSSL 1.1.1a  20 Nov 2018), cryptography 2.5, Platform Linux-4.15.0-42-generic-x86_64-with-Ubuntu-16.04-xenial
2019-01-26 16:15:37 [scrapy.crawler] INFO: Overridden settings: {'SPIDER_MODULES': ['techtalk.spiders'], 'USER_AGENT': 'Mozilla/5.0 (Macintosh; Intel Mac OS X 10_11_0) AppleWebKit/537.36 (KHTML, like Gecko) Chrome/45.0.2454.101 Safari/537.36', 'CONCURRENT_REQUESTS_PER_DOMAIN': 1, 'DOWNLOAD_DELAY': 3, 'BOT_NAME': 'techtalk', 'NEWSPIDER_MODULE': 'techtalk.spiders', 'LOG_FILE': 'scrapLog.log', 'CONCURRENT_REQUESTS': 1, 'LOG_ENABLED': False}
2019-01-26 16:15:37 [scrapy.extensions.telnet] INFO: Telnet Password: fbc96432c3dbb5d1
2019-01-26 16:15:37 [scrapy.middleware] INFO: Enabled extensions:
['scrapy.extensions.logstats.LogStats',
 'scrapy.extensions.memusage.MemoryUsage',
 'scrapy.extensions.telnet.TelnetConsole',
 'scrapy.extensions.corestats.CoreStats']
2019-01-26 16:15:37 [scrapy.middleware] INFO: Enabled downloader middlewares:
['scrapy.downloadermiddlewares.httpauth.HttpAuthMiddleware',
 'scrapy.downloadermiddlewares.downloadtimeout.DownloadTimeoutMiddleware',
 'scrapy.downloadermiddlewares.defaultheaders.DefaultHeadersMiddleware',
 'scrapy.downloadermiddlewares.useragent.UserAgentMiddleware',
 'scrapy.downloadermiddlewares.retry.RetryMiddleware',
 'scrapy.downloadermiddlewares.redirect.MetaRefreshMiddleware',
 'scrapy.downloadermiddlewares.httpcompression.HttpCompressionMiddleware',
 'scrapy.downloadermiddlewares.redirect.RedirectMiddleware',
 'scrapy.downloadermiddlewares.cookies.CookiesMiddleware',
 'scrapy.downloadermiddlewares.httpproxy.HttpProxyMiddleware',
 'scrapy.downloadermiddlewares.stats.DownloaderStats']
2019-01-26 16:15:37 [scrapy.middleware] INFO: Enabled spider middlewares:
['scrapy.spidermiddlewares.httperror.HttpErrorMiddleware',
 'scrapy.spidermiddlewares.offsite.OffsiteMiddleware',
 'scrapy.spidermiddlewares.referer.RefererMiddleware',
 'scrapy.spidermiddlewares.urllength.UrlLengthMiddleware',
 'scrapy.spidermiddlewares.depth.DepthMiddleware']
2019-01-26 16:15:37 [scrapy.middleware] INFO: Enabled item pipelines:
['techtalk.pipelines.JsonPipeline']
2019-01-26 16:15:37 [scrapy.core.engine] INFO: Spider opened
2019-01-26 16:15:37 [scrapy.extensions.logstats] INFO: Crawled 0 pages (at 0 pages/min), scraped 0 items (at 0 items/min)
2019-01-26 16:15:37 [scrapy.extensions.telnet] DEBUG: Telnet console listening on 127.0.0.1:6023
2019-01-26 16:15:38 [scrapy.core.engine] DEBUG: Crawled (200) <GET https://www.thefactsite.com/> (referer: None)
2019-01-26 16:15:42 [scrapy.core.engine] DEBUG: Crawled (200) <GET https://www.thefactsite.com/2018/12/1000-interesting-facts.html> (referer: https://www.thefactsite.com/)
2019-01-26 16:15:42 [scrapy.core.scraper] ERROR: Spider must return Request, BaseItem, dict or None, got 'str' in <GET https://www.thefactsite.com/2018/12/1000-interesting-facts.html>
2019-01-26 16:15:42 [scrapy.core.engine] INFO: Closing spider (finished)
2019-01-26 16:15:42 [scrapy.statscollectors] INFO: Dumping Scrapy stats:
{'downloader/request_bytes': 684,
 'downloader/request_count': 2,
 'downloader/request_method_count/GET': 2,
 'downloader/response_bytes': 210320,
 'downloader/response_count': 2,
 'downloader/response_status_count/200': 2,
 'finish_reason': 'finished',
 'finish_time': datetime.datetime(2019, 1, 26, 15, 15, 42, 175509),
 'log_count/DEBUG': 3,
 'log_count/ERROR': 1,
 'log_count/INFO': 8,
 'memusage/max': 52195328,
 'memusage/startup': 52195328,
 'request_depth_max': 1,
 'response_received_count': 2,
 'scheduler/dequeued': 2,
 'scheduler/dequeued/memory': 2,
 'scheduler/enqueued': 2,
 'scheduler/enqueued/memory': 2,
 'start_time': datetime.datetime(2019, 1, 26, 15, 15, 37, 198255)}
2019-01-26 16:15:42 [scrapy.core.engine] INFO: Spider closed (finished)
2019-01-26 16:16:17 [scrapy.utils.log] INFO: Scrapy 1.5.2 started (bot: techtalk)
2019-01-26 16:16:17 [scrapy.utils.log] INFO: Versions: lxml 4.3.0.0, libxml2 2.9.9, cssselect 1.0.3, parsel 1.5.1, w3lib 1.20.0, Twisted 18.9.0, Python 3.5.2 (default, Nov 12 2018, 13:43:14) - [GCC 5.4.0 20160609], pyOpenSSL 19.0.0 (OpenSSL 1.1.1a  20 Nov 2018), cryptography 2.5, Platform Linux-4.15.0-42-generic-x86_64-with-Ubuntu-16.04-xenial
2019-01-26 16:16:17 [scrapy.crawler] INFO: Overridden settings: {'SPIDER_MODULES': ['techtalk.spiders'], 'NEWSPIDER_MODULE': 'techtalk.spiders', 'USER_AGENT': 'Mozilla/5.0 (Macintosh; Intel Mac OS X 10_11_0) AppleWebKit/537.36 (KHTML, like Gecko) Chrome/45.0.2454.101 Safari/537.36', 'BOT_NAME': 'techtalk', 'CONCURRENT_REQUESTS_PER_DOMAIN': 1, 'DOWNLOAD_DELAY': 3, 'LOG_ENABLED': False, 'LOG_FILE': 'scrapLog.log', 'CONCURRENT_REQUESTS': 1}
2019-01-26 16:16:17 [scrapy.extensions.telnet] INFO: Telnet Password: f6a2e1c108fb0a9b
2019-01-26 16:16:17 [scrapy.middleware] INFO: Enabled extensions:
['scrapy.extensions.logstats.LogStats',
 'scrapy.extensions.memusage.MemoryUsage',
 'scrapy.extensions.corestats.CoreStats',
 'scrapy.extensions.telnet.TelnetConsole']
2019-01-26 16:16:17 [scrapy.middleware] INFO: Enabled downloader middlewares:
['scrapy.downloadermiddlewares.httpauth.HttpAuthMiddleware',
 'scrapy.downloadermiddlewares.downloadtimeout.DownloadTimeoutMiddleware',
 'scrapy.downloadermiddlewares.defaultheaders.DefaultHeadersMiddleware',
 'scrapy.downloadermiddlewares.useragent.UserAgentMiddleware',
 'scrapy.downloadermiddlewares.retry.RetryMiddleware',
 'scrapy.downloadermiddlewares.redirect.MetaRefreshMiddleware',
 'scrapy.downloadermiddlewares.httpcompression.HttpCompressionMiddleware',
 'scrapy.downloadermiddlewares.redirect.RedirectMiddleware',
 'scrapy.downloadermiddlewares.cookies.CookiesMiddleware',
 'scrapy.downloadermiddlewares.httpproxy.HttpProxyMiddleware',
 'scrapy.downloadermiddlewares.stats.DownloaderStats']
2019-01-26 16:16:17 [scrapy.middleware] INFO: Enabled spider middlewares:
['scrapy.spidermiddlewares.httperror.HttpErrorMiddleware',
 'scrapy.spidermiddlewares.offsite.OffsiteMiddleware',
 'scrapy.spidermiddlewares.referer.RefererMiddleware',
 'scrapy.spidermiddlewares.urllength.UrlLengthMiddleware',
 'scrapy.spidermiddlewares.depth.DepthMiddleware']
2019-01-26 16:16:17 [scrapy.middleware] INFO: Enabled item pipelines:
['techtalk.pipelines.JsonPipeline']
2019-01-26 16:16:17 [scrapy.core.engine] INFO: Spider opened
2019-01-26 16:16:17 [scrapy.extensions.logstats] INFO: Crawled 0 pages (at 0 pages/min), scraped 0 items (at 0 items/min)
2019-01-26 16:16:17 [scrapy.extensions.telnet] DEBUG: Telnet console listening on 127.0.0.1:6023
2019-01-26 16:16:18 [scrapy.core.engine] DEBUG: Crawled (200) <GET https://www.thefactsite.com/> (referer: None)
2019-01-26 16:16:22 [scrapy.core.engine] DEBUG: Crawled (200) <GET https://www.thefactsite.com/2018/12/1000-interesting-facts.html> (referer: https://www.thefactsite.com/)
2019-01-26 16:16:22 [scrapy.core.scraper] DEBUG: Scraped from <200 https://www.thefactsite.com/2018/12/1000-interesting-facts.html>
{'one_fact': 'One of the most widely used symbols for medical assistance is actually the Swiss flag, and not a medical symbol.'}
2019-01-26 16:16:22 [scrapy.core.engine] INFO: Closing spider (finished)
2019-01-26 16:16:22 [scrapy.statscollectors] INFO: Dumping Scrapy stats:
{'downloader/request_bytes': 684,
 'downloader/request_count': 2,
 'downloader/request_method_count/GET': 2,
 'downloader/response_bytes': 210320,
 'downloader/response_count': 2,
 'downloader/response_status_count/200': 2,
 'finish_reason': 'finished',
 'finish_time': datetime.datetime(2019, 1, 26, 15, 16, 22, 410276),
 'item_scraped_count': 1,
 'log_count/DEBUG': 4,
 'log_count/INFO': 8,
 'memusage/max': 52981760,
 'memusage/startup': 52981760,
 'request_depth_max': 1,
 'response_received_count': 2,
 'scheduler/dequeued': 2,
 'scheduler/dequeued/memory': 2,
 'scheduler/enqueued': 2,
 'scheduler/enqueued/memory': 2,
 'start_time': datetime.datetime(2019, 1, 26, 15, 16, 17, 554016)}
2019-01-26 16:16:22 [scrapy.core.engine] INFO: Spider closed (finished)
2019-01-26 16:16:44 [scrapy.utils.log] INFO: Scrapy 1.5.2 started (bot: techtalk)
2019-01-26 16:16:44 [scrapy.utils.log] INFO: Versions: lxml 4.3.0.0, libxml2 2.9.9, cssselect 1.0.3, parsel 1.5.1, w3lib 1.20.0, Twisted 18.9.0, Python 3.5.2 (default, Nov 12 2018, 13:43:14) - [GCC 5.4.0 20160609], pyOpenSSL 19.0.0 (OpenSSL 1.1.1a  20 Nov 2018), cryptography 2.5, Platform Linux-4.15.0-42-generic-x86_64-with-Ubuntu-16.04-xenial
2019-01-26 16:16:44 [scrapy.crawler] INFO: Overridden settings: {'CONCURRENT_REQUESTS': 1, 'CONCURRENT_REQUESTS_PER_DOMAIN': 1, 'NEWSPIDER_MODULE': 'techtalk.spiders', 'USER_AGENT': 'Mozilla/5.0 (Macintosh; Intel Mac OS X 10_11_0) AppleWebKit/537.36 (KHTML, like Gecko) Chrome/45.0.2454.101 Safari/537.36', 'LOG_ENABLED': False, 'SPIDER_MODULES': ['techtalk.spiders'], 'LOG_FILE': 'scrapLog.log', 'DOWNLOAD_DELAY': 0.1, 'BOT_NAME': 'techtalk'}
2019-01-26 16:16:44 [scrapy.extensions.telnet] INFO: Telnet Password: 2cdbbcb0eb9fa909
2019-01-26 16:16:44 [scrapy.middleware] INFO: Enabled extensions:
['scrapy.extensions.telnet.TelnetConsole',
 'scrapy.extensions.logstats.LogStats',
 'scrapy.extensions.corestats.CoreStats',
 'scrapy.extensions.memusage.MemoryUsage']
2019-01-26 16:16:44 [scrapy.middleware] INFO: Enabled downloader middlewares:
['scrapy.downloadermiddlewares.httpauth.HttpAuthMiddleware',
 'scrapy.downloadermiddlewares.downloadtimeout.DownloadTimeoutMiddleware',
 'scrapy.downloadermiddlewares.defaultheaders.DefaultHeadersMiddleware',
 'scrapy.downloadermiddlewares.useragent.UserAgentMiddleware',
 'scrapy.downloadermiddlewares.retry.RetryMiddleware',
 'scrapy.downloadermiddlewares.redirect.MetaRefreshMiddleware',
 'scrapy.downloadermiddlewares.httpcompression.HttpCompressionMiddleware',
 'scrapy.downloadermiddlewares.redirect.RedirectMiddleware',
 'scrapy.downloadermiddlewares.cookies.CookiesMiddleware',
 'scrapy.downloadermiddlewares.httpproxy.HttpProxyMiddleware',
 'scrapy.downloadermiddlewares.stats.DownloaderStats']
2019-01-26 16:16:44 [scrapy.middleware] INFO: Enabled spider middlewares:
['scrapy.spidermiddlewares.httperror.HttpErrorMiddleware',
 'scrapy.spidermiddlewares.offsite.OffsiteMiddleware',
 'scrapy.spidermiddlewares.referer.RefererMiddleware',
 'scrapy.spidermiddlewares.urllength.UrlLengthMiddleware',
 'scrapy.spidermiddlewares.depth.DepthMiddleware']
2019-01-26 16:16:44 [scrapy.middleware] INFO: Enabled item pipelines:
['techtalk.pipelines.JsonPipeline']
2019-01-26 16:16:44 [scrapy.core.engine] INFO: Spider opened
2019-01-26 16:16:44 [scrapy.extensions.logstats] INFO: Crawled 0 pages (at 0 pages/min), scraped 0 items (at 0 items/min)
2019-01-26 16:16:44 [scrapy.extensions.telnet] DEBUG: Telnet console listening on 127.0.0.1:6023
2019-01-26 16:16:46 [scrapy.core.engine] DEBUG: Crawled (200) <GET https://www.thefactsite.com/> (referer: None)
2019-01-26 16:16:46 [scrapy.core.engine] DEBUG: Crawled (200) <GET https://www.thefactsite.com/2018/12/1000-interesting-facts.html> (referer: https://www.thefactsite.com/)
2019-01-26 16:16:46 [scrapy.core.scraper] DEBUG: Scraped from <200 https://www.thefactsite.com/2018/12/1000-interesting-facts.html>
{'one_fact': 'The word velociraptor comes from the Latin words velox which means swift, and raptor which means robber. Literally  speedy robber!'}
2019-01-26 16:16:46 [scrapy.core.engine] INFO: Closing spider (finished)
2019-01-26 16:16:46 [scrapy.statscollectors] INFO: Dumping Scrapy stats:
{'downloader/request_bytes': 684,
 'downloader/request_count': 2,
 'downloader/request_method_count/GET': 2,
 'downloader/response_bytes': 210320,
 'downloader/response_count': 2,
 'downloader/response_status_count/200': 2,
 'finish_reason': 'finished',
 'finish_time': datetime.datetime(2019, 1, 26, 15, 16, 46, 534707),
 'item_scraped_count': 1,
 'log_count/DEBUG': 4,
 'log_count/INFO': 8,
 'memusage/max': 52817920,
 'memusage/startup': 52817920,
 'request_depth_max': 1,
 'response_received_count': 2,
 'scheduler/dequeued': 2,
 'scheduler/dequeued/memory': 2,
 'scheduler/enqueued': 2,
 'scheduler/enqueued/memory': 2,
 'start_time': datetime.datetime(2019, 1, 26, 15, 16, 44, 965050)}
2019-01-26 16:16:46 [scrapy.core.engine] INFO: Spider closed (finished)
2019-01-26 16:29:57 [scrapy.utils.log] INFO: Scrapy 1.5.2 started (bot: techtalk)
2019-01-26 16:29:57 [scrapy.utils.log] INFO: Versions: lxml 4.3.0.0, libxml2 2.9.9, cssselect 1.0.3, parsel 1.5.1, w3lib 1.20.0, Twisted 18.9.0, Python 3.5.2 (default, Nov 12 2018, 13:43:14) - [GCC 5.4.0 20160609], pyOpenSSL 19.0.0 (OpenSSL 1.1.1a  20 Nov 2018), cryptography 2.5, Platform Linux-4.15.0-42-generic-x86_64-with-Ubuntu-16.04-xenial
2019-01-26 16:29:57 [scrapy.crawler] INFO: Overridden settings: {'SPIDER_MODULES': ['techtalk.spiders'], 'CONCURRENT_REQUESTS_PER_DOMAIN': 1, 'LOG_ENABLED': False, 'DOWNLOAD_DELAY': 0.1, 'NEWSPIDER_MODULE': 'techtalk.spiders', 'LOG_FILE': 'scrapLog.log', 'CONCURRENT_REQUESTS': 1, 'BOT_NAME': 'techtalk', 'USER_AGENT': 'Mozilla/5.0 (Macintosh; Intel Mac OS X 10_11_0) AppleWebKit/537.36 (KHTML, like Gecko) Chrome/45.0.2454.101 Safari/537.36'}
2019-01-26 16:29:57 [scrapy.extensions.telnet] INFO: Telnet Password: 025478f63939db42
2019-01-26 16:29:57 [scrapy.middleware] INFO: Enabled extensions:
['scrapy.extensions.memusage.MemoryUsage',
 'scrapy.extensions.corestats.CoreStats',
 'scrapy.extensions.telnet.TelnetConsole',
 'scrapy.extensions.logstats.LogStats']
2019-01-26 16:29:57 [scrapy.middleware] INFO: Enabled downloader middlewares:
['scrapy.downloadermiddlewares.httpauth.HttpAuthMiddleware',
 'scrapy.downloadermiddlewares.downloadtimeout.DownloadTimeoutMiddleware',
 'scrapy.downloadermiddlewares.defaultheaders.DefaultHeadersMiddleware',
 'scrapy.downloadermiddlewares.useragent.UserAgentMiddleware',
 'scrapy.downloadermiddlewares.retry.RetryMiddleware',
 'scrapy.downloadermiddlewares.redirect.MetaRefreshMiddleware',
 'scrapy.downloadermiddlewares.httpcompression.HttpCompressionMiddleware',
 'scrapy.downloadermiddlewares.redirect.RedirectMiddleware',
 'scrapy.downloadermiddlewares.cookies.CookiesMiddleware',
 'scrapy.downloadermiddlewares.httpproxy.HttpProxyMiddleware',
 'scrapy.downloadermiddlewares.stats.DownloaderStats']
2019-01-26 16:29:57 [scrapy.middleware] INFO: Enabled spider middlewares:
['scrapy.spidermiddlewares.httperror.HttpErrorMiddleware',
 'scrapy.spidermiddlewares.offsite.OffsiteMiddleware',
 'scrapy.spidermiddlewares.referer.RefererMiddleware',
 'scrapy.spidermiddlewares.urllength.UrlLengthMiddleware',
 'scrapy.spidermiddlewares.depth.DepthMiddleware']
2019-01-26 16:29:57 [scrapy.middleware] INFO: Enabled item pipelines:
['techtalk.pipelines.JsonPipeline']
2019-01-26 16:29:57 [scrapy.core.engine] INFO: Spider opened
2019-01-26 16:29:57 [scrapy.extensions.logstats] INFO: Crawled 0 pages (at 0 pages/min), scraped 0 items (at 0 items/min)
2019-01-26 16:29:57 [scrapy.extensions.telnet] DEBUG: Telnet console listening on 127.0.0.1:6023
2019-01-26 16:29:58 [scrapy.core.engine] DEBUG: Crawled (200) <GET https://www.thefactsite.com/2018/12/1000-interesting-facts.html> (referer: None)
2019-01-26 16:29:58 [scrapy.core.scraper] DEBUG: Scraped from <200 https://www.thefactsite.com/2018/12/1000-interesting-facts.html>
{'one_fact': 'In Svalbard, a remote Norwegian island, it is illegal to die because bodies are unable to be buried safely due to the permafrost on the ground. If you are about to die, they fly you back to mainland Norway to pass on there.'}
2019-01-26 16:29:58 [scrapy.core.engine] INFO: Closing spider (finished)
2019-01-26 16:29:58 [scrapy.statscollectors] INFO: Dumping Scrapy stats:
{'downloader/request_bytes': 340,
 'downloader/request_count': 1,
 'downloader/request_method_count/GET': 1,
 'downloader/response_bytes': 41453,
 'downloader/response_count': 1,
 'downloader/response_status_count/200': 1,
 'finish_reason': 'finished',
 'finish_time': datetime.datetime(2019, 1, 26, 15, 29, 58, 579178),
 'item_scraped_count': 1,
 'log_count/DEBUG': 3,
 'log_count/INFO': 8,
 'memusage/max': 52600832,
 'memusage/startup': 52408320,
 'response_received_count': 1,
 'scheduler/dequeued': 1,
 'scheduler/dequeued/memory': 1,
 'scheduler/enqueued': 1,
 'scheduler/enqueued/memory': 1,
 'start_time': datetime.datetime(2019, 1, 26, 15, 29, 57, 654224)}
2019-01-26 16:29:58 [scrapy.core.engine] INFO: Spider closed (finished)
2019-01-26 16:38:43 [scrapy.utils.log] INFO: Scrapy 1.5.2 started (bot: techtalk)
2019-01-26 16:38:43 [scrapy.utils.log] INFO: Versions: lxml 4.3.0.0, libxml2 2.9.9, cssselect 1.0.3, parsel 1.5.1, w3lib 1.20.0, Twisted 18.9.0, Python 3.5.2 (default, Nov 12 2018, 13:43:14) - [GCC 5.4.0 20160609], pyOpenSSL 19.0.0 (OpenSSL 1.1.1a  20 Nov 2018), cryptography 2.5, Platform Linux-4.15.0-42-generic-x86_64-with-Ubuntu-16.04-xenial
2019-01-26 16:38:43 [scrapy.crawler] INFO: Overridden settings: {'CONCURRENT_REQUESTS_PER_DOMAIN': 1, 'DOWNLOAD_DELAY': 0.1, 'BOT_NAME': 'techtalk', 'CONCURRENT_REQUESTS': 1, 'NEWSPIDER_MODULE': 'techtalk.spiders', 'LOG_FILE': 'scrapLog.log', 'LOG_ENABLED': False, 'SPIDER_MODULES': ['techtalk.spiders'], 'USER_AGENT': 'Mozilla/5.0 (Macintosh; Intel Mac OS X 10_11_0) AppleWebKit/537.36 (KHTML, like Gecko) Chrome/45.0.2454.101 Safari/537.36'}
2019-01-26 16:38:43 [scrapy.extensions.telnet] INFO: Telnet Password: f3b0234522406991
2019-01-26 16:38:43 [scrapy.middleware] INFO: Enabled extensions:
['scrapy.extensions.memusage.MemoryUsage',
 'scrapy.extensions.corestats.CoreStats',
 'scrapy.extensions.logstats.LogStats',
 'scrapy.extensions.telnet.TelnetConsole']
2019-01-26 16:38:43 [scrapy.middleware] INFO: Enabled downloader middlewares:
['scrapy.downloadermiddlewares.httpauth.HttpAuthMiddleware',
 'scrapy.downloadermiddlewares.downloadtimeout.DownloadTimeoutMiddleware',
 'scrapy.downloadermiddlewares.defaultheaders.DefaultHeadersMiddleware',
 'scrapy.downloadermiddlewares.useragent.UserAgentMiddleware',
 'scrapy.downloadermiddlewares.retry.RetryMiddleware',
 'scrapy.downloadermiddlewares.redirect.MetaRefreshMiddleware',
 'scrapy.downloadermiddlewares.httpcompression.HttpCompressionMiddleware',
 'scrapy.downloadermiddlewares.redirect.RedirectMiddleware',
 'scrapy.downloadermiddlewares.cookies.CookiesMiddleware',
 'scrapy.downloadermiddlewares.httpproxy.HttpProxyMiddleware',
 'scrapy.downloadermiddlewares.stats.DownloaderStats']
2019-01-26 16:38:43 [scrapy.middleware] INFO: Enabled spider middlewares:
['scrapy.spidermiddlewares.httperror.HttpErrorMiddleware',
 'scrapy.spidermiddlewares.offsite.OffsiteMiddleware',
 'scrapy.spidermiddlewares.referer.RefererMiddleware',
 'scrapy.spidermiddlewares.urllength.UrlLengthMiddleware',
 'scrapy.spidermiddlewares.depth.DepthMiddleware']
2019-01-26 16:38:43 [scrapy.middleware] INFO: Enabled item pipelines:
['techtalk.pipelines.JsonPipeline']
2019-01-26 16:38:43 [scrapy.core.engine] INFO: Spider opened
2019-01-26 16:38:43 [scrapy.extensions.logstats] INFO: Crawled 0 pages (at 0 pages/min), scraped 0 items (at 0 items/min)
2019-01-26 16:38:43 [scrapy.extensions.telnet] DEBUG: Telnet console listening on 127.0.0.1:6023
2019-01-26 16:38:44 [scrapy.core.engine] DEBUG: Crawled (200) <GET https://www.thefactsite.com/2018/11/japan-facts.html> (referer: None)
2019-01-26 16:38:44 [scrapy.core.scraper] ERROR: Spider error processing <GET https://www.thefactsite.com/2018/11/japan-facts.html> (referer: None)
Traceback (most recent call last):
  File "/home/vremar/.virtualenvs/scrapy_test/lib/python3.5/site-packages/scrapy/utils/defer.py", line 102, in iter_errback
    yield next(it)
  File "/home/vremar/.virtualenvs/scrapy_test/lib/python3.5/site-packages/scrapy/spidermiddlewares/offsite.py", line 30, in process_spider_output
    for x in result:
  File "/home/vremar/.virtualenvs/scrapy_test/lib/python3.5/site-packages/scrapy/spidermiddlewares/referer.py", line 339, in <genexpr>
    return (_set_referer(r) for r in result or ())
  File "/home/vremar/.virtualenvs/scrapy_test/lib/python3.5/site-packages/scrapy/spidermiddlewares/urllength.py", line 37, in <genexpr>
    return (r for r in result or () if _filter(r))
  File "/home/vremar/.virtualenvs/scrapy_test/lib/python3.5/site-packages/scrapy/spidermiddlewares/depth.py", line 58, in <genexpr>
    return (r for r in result or () if _filter(r))
  File "/home/vremar/Documentos/TechTalk/techtalk/techtalk/spiders/tellme_a_fact.py", line 19, in parse
    facts = [''.join(ET.fromstring(e).itertext()) for e in facts]
  File "/home/vremar/Documentos/TechTalk/techtalk/techtalk/spiders/tellme_a_fact.py", line 19, in <listcomp>
    facts = [''.join(ET.fromstring(e).itertext()) for e in facts]
  File "/usr/lib/python3.5/xml/etree/ElementTree.py", line 1333, in XML
    parser.feed(text)
  File "<string>", line None
xml.etree.ElementTree.ParseError: mismatched tag: line 1, column 686
2019-01-26 16:38:44 [scrapy.core.engine] INFO: Closing spider (finished)
2019-01-26 16:38:44 [scrapy.statscollectors] INFO: Dumping Scrapy stats:
{'downloader/request_bytes': 329,
 'downloader/request_count': 1,
 'downloader/request_method_count/GET': 1,
 'downloader/response_bytes': 25835,
 'downloader/response_count': 1,
 'downloader/response_status_count/200': 1,
 'finish_reason': 'finished',
 'finish_time': datetime.datetime(2019, 1, 26, 15, 38, 44, 477708),
 'log_count/DEBUG': 2,
 'log_count/ERROR': 1,
 'log_count/INFO': 8,
 'memusage/max': 52531200,
 'memusage/startup': 52330496,
 'response_received_count': 1,
 'scheduler/dequeued': 1,
 'scheduler/dequeued/memory': 1,
 'scheduler/enqueued': 1,
 'scheduler/enqueued/memory': 1,
 'spider_exceptions/ParseError': 1,
 'start_time': datetime.datetime(2019, 1, 26, 15, 38, 43, 682916)}
2019-01-26 16:38:44 [scrapy.core.engine] INFO: Spider closed (finished)
2019-01-26 16:39:22 [scrapy.utils.log] INFO: Scrapy 1.5.2 started (bot: techtalk)
2019-01-26 16:39:22 [scrapy.utils.log] INFO: Versions: lxml 4.3.0.0, libxml2 2.9.9, cssselect 1.0.3, parsel 1.5.1, w3lib 1.20.0, Twisted 18.9.0, Python 3.5.2 (default, Nov 12 2018, 13:43:14) - [GCC 5.4.0 20160609], pyOpenSSL 19.0.0 (OpenSSL 1.1.1a  20 Nov 2018), cryptography 2.5, Platform Linux-4.15.0-42-generic-x86_64-with-Ubuntu-16.04-xenial
2019-01-26 16:39:22 [scrapy.crawler] INFO: Overridden settings: {'CONCURRENT_REQUESTS': 1, 'LOG_FILE': 'scrapLog.log', 'SPIDER_MODULES': ['techtalk.spiders'], 'NEWSPIDER_MODULE': 'techtalk.spiders', 'LOG_ENABLED': False, 'CONCURRENT_REQUESTS_PER_DOMAIN': 1, 'USER_AGENT': 'Mozilla/5.0 (Macintosh; Intel Mac OS X 10_11_0) AppleWebKit/537.36 (KHTML, like Gecko) Chrome/45.0.2454.101 Safari/537.36', 'DOWNLOAD_DELAY': 0.1, 'BOT_NAME': 'techtalk'}
2019-01-26 16:39:22 [scrapy.extensions.telnet] INFO: Telnet Password: 1d84eb20647f212d
2019-01-26 16:39:22 [scrapy.middleware] INFO: Enabled extensions:
['scrapy.extensions.logstats.LogStats',
 'scrapy.extensions.memusage.MemoryUsage',
 'scrapy.extensions.corestats.CoreStats',
 'scrapy.extensions.telnet.TelnetConsole']
2019-01-26 16:39:22 [scrapy.middleware] INFO: Enabled downloader middlewares:
['scrapy.downloadermiddlewares.httpauth.HttpAuthMiddleware',
 'scrapy.downloadermiddlewares.downloadtimeout.DownloadTimeoutMiddleware',
 'scrapy.downloadermiddlewares.defaultheaders.DefaultHeadersMiddleware',
 'scrapy.downloadermiddlewares.useragent.UserAgentMiddleware',
 'scrapy.downloadermiddlewares.retry.RetryMiddleware',
 'scrapy.downloadermiddlewares.redirect.MetaRefreshMiddleware',
 'scrapy.downloadermiddlewares.httpcompression.HttpCompressionMiddleware',
 'scrapy.downloadermiddlewares.redirect.RedirectMiddleware',
 'scrapy.downloadermiddlewares.cookies.CookiesMiddleware',
 'scrapy.downloadermiddlewares.httpproxy.HttpProxyMiddleware',
 'scrapy.downloadermiddlewares.stats.DownloaderStats']
2019-01-26 16:39:22 [scrapy.middleware] INFO: Enabled spider middlewares:
['scrapy.spidermiddlewares.httperror.HttpErrorMiddleware',
 'scrapy.spidermiddlewares.offsite.OffsiteMiddleware',
 'scrapy.spidermiddlewares.referer.RefererMiddleware',
 'scrapy.spidermiddlewares.urllength.UrlLengthMiddleware',
 'scrapy.spidermiddlewares.depth.DepthMiddleware']
2019-01-26 16:39:22 [scrapy.middleware] INFO: Enabled item pipelines:
['techtalk.pipelines.JsonPipeline']
2019-01-26 16:39:22 [scrapy.core.engine] INFO: Spider opened
2019-01-26 16:39:22 [scrapy.extensions.logstats] INFO: Crawled 0 pages (at 0 pages/min), scraped 0 items (at 0 items/min)
2019-01-26 16:39:22 [scrapy.extensions.telnet] DEBUG: Telnet console listening on 127.0.0.1:6023
2019-01-26 16:39:22 [scrapy.core.engine] DEBUG: Crawled (200) <GET https://www.thefactsite.com/2018/11/japan-facts.html> (referer: None)
2019-01-26 16:39:22 [scrapy.core.scraper] ERROR: Spider error processing <GET https://www.thefactsite.com/2018/11/japan-facts.html> (referer: None)
Traceback (most recent call last):
  File "/home/vremar/.virtualenvs/scrapy_test/lib/python3.5/site-packages/scrapy/utils/defer.py", line 102, in iter_errback
    yield next(it)
  File "/home/vremar/.virtualenvs/scrapy_test/lib/python3.5/site-packages/scrapy/spidermiddlewares/offsite.py", line 30, in process_spider_output
    for x in result:
  File "/home/vremar/.virtualenvs/scrapy_test/lib/python3.5/site-packages/scrapy/spidermiddlewares/referer.py", line 339, in <genexpr>
    return (_set_referer(r) for r in result or ())
  File "/home/vremar/.virtualenvs/scrapy_test/lib/python3.5/site-packages/scrapy/spidermiddlewares/urllength.py", line 37, in <genexpr>
    return (r for r in result or () if _filter(r))
  File "/home/vremar/.virtualenvs/scrapy_test/lib/python3.5/site-packages/scrapy/spidermiddlewares/depth.py", line 58, in <genexpr>
    return (r for r in result or () if _filter(r))
  File "/home/vremar/Documentos/TechTalk/techtalk/techtalk/spiders/tellme_a_fact.py", line 19, in parse
    facts = [''.join(ET.fromstring(e).itertext()) for e in facts if e]
  File "/home/vremar/Documentos/TechTalk/techtalk/techtalk/spiders/tellme_a_fact.py", line 19, in <listcomp>
    facts = [''.join(ET.fromstring(e).itertext()) for e in facts if e]
  File "/usr/lib/python3.5/xml/etree/ElementTree.py", line 1333, in XML
    parser.feed(text)
  File "<string>", line None
xml.etree.ElementTree.ParseError: mismatched tag: line 1, column 686
2019-01-26 16:39:22 [scrapy.core.engine] INFO: Closing spider (finished)
2019-01-26 16:39:22 [scrapy.statscollectors] INFO: Dumping Scrapy stats:
{'downloader/request_bytes': 329,
 'downloader/request_count': 1,
 'downloader/request_method_count/GET': 1,
 'downloader/response_bytes': 25835,
 'downloader/response_count': 1,
 'downloader/response_status_count/200': 1,
 'finish_reason': 'finished',
 'finish_time': datetime.datetime(2019, 1, 26, 15, 39, 22, 871413),
 'log_count/DEBUG': 2,
 'log_count/ERROR': 1,
 'log_count/INFO': 8,
 'memusage/max': 52740096,
 'memusage/startup': 52740096,
 'response_received_count': 1,
 'scheduler/dequeued': 1,
 'scheduler/dequeued/memory': 1,
 'scheduler/enqueued': 1,
 'scheduler/enqueued/memory': 1,
 'spider_exceptions/ParseError': 1,
 'start_time': datetime.datetime(2019, 1, 26, 15, 39, 22, 75021)}
2019-01-26 16:39:22 [scrapy.core.engine] INFO: Spider closed (finished)
2019-01-26 16:40:15 [scrapy.utils.log] INFO: Scrapy 1.5.2 started (bot: techtalk)
2019-01-26 16:40:15 [scrapy.utils.log] INFO: Versions: lxml 4.3.0.0, libxml2 2.9.9, cssselect 1.0.3, parsel 1.5.1, w3lib 1.20.0, Twisted 18.9.0, Python 3.5.2 (default, Nov 12 2018, 13:43:14) - [GCC 5.4.0 20160609], pyOpenSSL 19.0.0 (OpenSSL 1.1.1a  20 Nov 2018), cryptography 2.5, Platform Linux-4.15.0-42-generic-x86_64-with-Ubuntu-16.04-xenial
2019-01-26 16:40:15 [scrapy.crawler] INFO: Overridden settings: {'BOT_NAME': 'techtalk', 'USER_AGENT': 'Mozilla/5.0 (Macintosh; Intel Mac OS X 10_11_0) AppleWebKit/537.36 (KHTML, like Gecko) Chrome/45.0.2454.101 Safari/537.36', 'LOG_FILE': 'scrapLog.log', 'CONCURRENT_REQUESTS_PER_DOMAIN': 1, 'DOWNLOAD_DELAY': 0.1, 'NEWSPIDER_MODULE': 'techtalk.spiders', 'CONCURRENT_REQUESTS': 1, 'SPIDER_MODULES': ['techtalk.spiders'], 'LOG_ENABLED': False}
2019-01-26 16:40:16 [scrapy.extensions.telnet] INFO: Telnet Password: fc3e20acd9b4a43d
2019-01-26 16:40:16 [scrapy.middleware] INFO: Enabled extensions:
['scrapy.extensions.telnet.TelnetConsole',
 'scrapy.extensions.logstats.LogStats',
 'scrapy.extensions.corestats.CoreStats',
 'scrapy.extensions.memusage.MemoryUsage']
2019-01-26 16:40:16 [scrapy.middleware] INFO: Enabled downloader middlewares:
['scrapy.downloadermiddlewares.httpauth.HttpAuthMiddleware',
 'scrapy.downloadermiddlewares.downloadtimeout.DownloadTimeoutMiddleware',
 'scrapy.downloadermiddlewares.defaultheaders.DefaultHeadersMiddleware',
 'scrapy.downloadermiddlewares.useragent.UserAgentMiddleware',
 'scrapy.downloadermiddlewares.retry.RetryMiddleware',
 'scrapy.downloadermiddlewares.redirect.MetaRefreshMiddleware',
 'scrapy.downloadermiddlewares.httpcompression.HttpCompressionMiddleware',
 'scrapy.downloadermiddlewares.redirect.RedirectMiddleware',
 'scrapy.downloadermiddlewares.cookies.CookiesMiddleware',
 'scrapy.downloadermiddlewares.httpproxy.HttpProxyMiddleware',
 'scrapy.downloadermiddlewares.stats.DownloaderStats']
2019-01-26 16:40:16 [scrapy.middleware] INFO: Enabled spider middlewares:
['scrapy.spidermiddlewares.httperror.HttpErrorMiddleware',
 'scrapy.spidermiddlewares.offsite.OffsiteMiddleware',
 'scrapy.spidermiddlewares.referer.RefererMiddleware',
 'scrapy.spidermiddlewares.urllength.UrlLengthMiddleware',
 'scrapy.spidermiddlewares.depth.DepthMiddleware']
2019-01-26 16:40:16 [scrapy.middleware] INFO: Enabled item pipelines:
['techtalk.pipelines.JsonPipeline']
2019-01-26 16:40:16 [scrapy.core.engine] INFO: Spider opened
2019-01-26 16:40:16 [scrapy.extensions.logstats] INFO: Crawled 0 pages (at 0 pages/min), scraped 0 items (at 0 items/min)
2019-01-26 16:40:16 [scrapy.extensions.telnet] DEBUG: Telnet console listening on 127.0.0.1:6023
2019-01-26 16:40:16 [scrapy.core.engine] DEBUG: Crawled (200) <GET https://www.thefactsite.com/2018/11/japan-facts.html> (referer: None)
2019-01-26 16:40:16 [scrapy.core.scraper] ERROR: Spider error processing <GET https://www.thefactsite.com/2018/11/japan-facts.html> (referer: None)
Traceback (most recent call last):
  File "/home/vremar/.virtualenvs/scrapy_test/lib/python3.5/site-packages/scrapy/utils/defer.py", line 102, in iter_errback
    yield next(it)
  File "/home/vremar/.virtualenvs/scrapy_test/lib/python3.5/site-packages/scrapy/spidermiddlewares/offsite.py", line 30, in process_spider_output
    for x in result:
  File "/home/vremar/.virtualenvs/scrapy_test/lib/python3.5/site-packages/scrapy/spidermiddlewares/referer.py", line 339, in <genexpr>
    return (_set_referer(r) for r in result or ())
  File "/home/vremar/.virtualenvs/scrapy_test/lib/python3.5/site-packages/scrapy/spidermiddlewares/urllength.py", line 37, in <genexpr>
    return (r for r in result or () if _filter(r))
  File "/home/vremar/.virtualenvs/scrapy_test/lib/python3.5/site-packages/scrapy/spidermiddlewares/depth.py", line 58, in <genexpr>
    return (r for r in result or () if _filter(r))
  File "/home/vremar/Documentos/TechTalk/techtalk/techtalk/spiders/tellme_a_fact.py", line 19, in parse
    facts = [''.join(ET.fromstring(e).itertext()) for e in facts if e is not None]
  File "/home/vremar/Documentos/TechTalk/techtalk/techtalk/spiders/tellme_a_fact.py", line 19, in <listcomp>
    facts = [''.join(ET.fromstring(e).itertext()) for e in facts if e is not None]
  File "/usr/lib/python3.5/xml/etree/ElementTree.py", line 1333, in XML
    parser.feed(text)
  File "<string>", line None
xml.etree.ElementTree.ParseError: mismatched tag: line 1, column 686
2019-01-26 16:40:16 [scrapy.core.engine] INFO: Closing spider (finished)
2019-01-26 16:40:16 [scrapy.statscollectors] INFO: Dumping Scrapy stats:
{'downloader/request_bytes': 329,
 'downloader/request_count': 1,
 'downloader/request_method_count/GET': 1,
 'downloader/response_bytes': 25835,
 'downloader/response_count': 1,
 'downloader/response_status_count/200': 1,
 'finish_reason': 'finished',
 'finish_time': datetime.datetime(2019, 1, 26, 15, 40, 16, 826684),
 'log_count/DEBUG': 2,
 'log_count/ERROR': 1,
 'log_count/INFO': 8,
 'memusage/max': 52871168,
 'memusage/startup': 52871168,
 'response_received_count': 1,
 'scheduler/dequeued': 1,
 'scheduler/dequeued/memory': 1,
 'scheduler/enqueued': 1,
 'scheduler/enqueued/memory': 1,
 'spider_exceptions/ParseError': 1,
 'start_time': datetime.datetime(2019, 1, 26, 15, 40, 16, 36110)}
2019-01-26 16:40:16 [scrapy.core.engine] INFO: Spider closed (finished)
2019-01-26 16:41:19 [scrapy.utils.log] INFO: Scrapy 1.5.2 started (bot: techtalk)
2019-01-26 16:41:19 [scrapy.utils.log] INFO: Versions: lxml 4.3.0.0, libxml2 2.9.9, cssselect 1.0.3, parsel 1.5.1, w3lib 1.20.0, Twisted 18.9.0, Python 3.5.2 (default, Nov 12 2018, 13:43:14) - [GCC 5.4.0 20160609], pyOpenSSL 19.0.0 (OpenSSL 1.1.1a  20 Nov 2018), cryptography 2.5, Platform Linux-4.15.0-42-generic-x86_64-with-Ubuntu-16.04-xenial
2019-01-26 16:41:19 [scrapy.crawler] INFO: Overridden settings: {'SPIDER_MODULES': ['techtalk.spiders'], 'NEWSPIDER_MODULE': 'techtalk.spiders', 'DOWNLOAD_DELAY': 0.1, 'CONCURRENT_REQUESTS': 1, 'LOG_ENABLED': False, 'BOT_NAME': 'techtalk', 'CONCURRENT_REQUESTS_PER_DOMAIN': 1, 'LOG_FILE': 'scrapLog.log', 'USER_AGENT': 'Mozilla/5.0 (Macintosh; Intel Mac OS X 10_11_0) AppleWebKit/537.36 (KHTML, like Gecko) Chrome/45.0.2454.101 Safari/537.36'}
2019-01-26 16:41:19 [scrapy.extensions.telnet] INFO: Telnet Password: 6b1825c8bd8b44cf
2019-01-26 16:41:19 [scrapy.middleware] INFO: Enabled extensions:
['scrapy.extensions.telnet.TelnetConsole',
 'scrapy.extensions.logstats.LogStats',
 'scrapy.extensions.memusage.MemoryUsage',
 'scrapy.extensions.corestats.CoreStats']
2019-01-26 16:41:19 [scrapy.middleware] INFO: Enabled downloader middlewares:
['scrapy.downloadermiddlewares.httpauth.HttpAuthMiddleware',
 'scrapy.downloadermiddlewares.downloadtimeout.DownloadTimeoutMiddleware',
 'scrapy.downloadermiddlewares.defaultheaders.DefaultHeadersMiddleware',
 'scrapy.downloadermiddlewares.useragent.UserAgentMiddleware',
 'scrapy.downloadermiddlewares.retry.RetryMiddleware',
 'scrapy.downloadermiddlewares.redirect.MetaRefreshMiddleware',
 'scrapy.downloadermiddlewares.httpcompression.HttpCompressionMiddleware',
 'scrapy.downloadermiddlewares.redirect.RedirectMiddleware',
 'scrapy.downloadermiddlewares.cookies.CookiesMiddleware',
 'scrapy.downloadermiddlewares.httpproxy.HttpProxyMiddleware',
 'scrapy.downloadermiddlewares.stats.DownloaderStats']
2019-01-26 16:41:19 [scrapy.middleware] INFO: Enabled spider middlewares:
['scrapy.spidermiddlewares.httperror.HttpErrorMiddleware',
 'scrapy.spidermiddlewares.offsite.OffsiteMiddleware',
 'scrapy.spidermiddlewares.referer.RefererMiddleware',
 'scrapy.spidermiddlewares.urllength.UrlLengthMiddleware',
 'scrapy.spidermiddlewares.depth.DepthMiddleware']
2019-01-26 16:41:19 [scrapy.middleware] INFO: Enabled item pipelines:
['techtalk.pipelines.JsonPipeline']
2019-01-26 16:41:19 [scrapy.core.engine] INFO: Spider opened
2019-01-26 16:41:19 [scrapy.extensions.logstats] INFO: Crawled 0 pages (at 0 pages/min), scraped 0 items (at 0 items/min)
2019-01-26 16:41:19 [scrapy.extensions.telnet] DEBUG: Telnet console listening on 127.0.0.1:6023
2019-01-26 16:41:20 [scrapy.core.engine] DEBUG: Crawled (200) <GET https://www.thefactsite.com/2018/12/1000-interesting-facts.html> (referer: None)
2019-01-26 16:41:20 [scrapy.core.scraper] DEBUG: Scraped from <200 https://www.thefactsite.com/2018/12/1000-interesting-facts.html>
{'one_fact': 'The Ethiopian calendar is 7.5 years behind the Gregorian calendar due to the fact that it has 13 months.'}
2019-01-26 16:41:20 [scrapy.core.engine] INFO: Closing spider (finished)
2019-01-26 16:41:20 [scrapy.statscollectors] INFO: Dumping Scrapy stats:
{'downloader/request_bytes': 340,
 'downloader/request_count': 1,
 'downloader/request_method_count/GET': 1,
 'downloader/response_bytes': 41453,
 'downloader/response_count': 1,
 'downloader/response_status_count/200': 1,
 'finish_reason': 'finished',
 'finish_time': datetime.datetime(2019, 1, 26, 15, 41, 20, 454053),
 'item_scraped_count': 1,
 'log_count/DEBUG': 3,
 'log_count/INFO': 8,
 'memusage/max': 52555776,
 'memusage/startup': 52555776,
 'response_received_count': 1,
 'scheduler/dequeued': 1,
 'scheduler/dequeued/memory': 1,
 'scheduler/enqueued': 1,
 'scheduler/enqueued/memory': 1,
 'start_time': datetime.datetime(2019, 1, 26, 15, 41, 19, 534704)}
2019-01-26 16:41:20 [scrapy.core.engine] INFO: Spider closed (finished)
